[2023-07-08 23:16:58,738: INFO: main: Hello logger!]
[2023-07-10 01:35:11,490: INFO: common: yaml file: config\config.yaml loaded successfully]
[2023-07-10 01:35:11,492: INFO: common: yaml file: params.yaml loaded successfully]
[2023-07-10 01:35:11,493: INFO: common: created directory at: artifacts]
[2023-07-10 01:35:11,495: INFO: common: created directory at: artifacts/data_ingestion]
[2023-07-10 01:44:47,232: INFO: common: yaml file: config\config.yaml loaded successfully]
[2023-07-10 01:44:47,233: INFO: common: yaml file: params.yaml loaded successfully]
[2023-07-10 01:44:47,235: INFO: common: created directory at: artifacts]
[2023-07-10 01:44:47,236: INFO: common: created directory at: artifacts/data_ingestion]
[2023-07-10 01:45:15,811: INFO: common: yaml file: config\config.yaml loaded successfully]
[2023-07-10 01:45:15,812: INFO: common: yaml file: params.yaml loaded successfully]
[2023-07-10 01:45:15,814: INFO: common: created directory at: artifacts]
[2023-07-10 01:45:15,815: INFO: common: created directory at: artifacts/data_ingestion]
[2023-07-10 01:46:57,411: INFO: common: yaml file: config\config.yaml loaded successfully]
[2023-07-10 01:46:57,412: INFO: common: yaml file: params.yaml loaded successfully]
[2023-07-10 01:46:57,414: INFO: common: created directory at: artifacts]
[2023-07-10 01:46:57,415: INFO: common: created directory at: artifacts/data_ingestion]
[2023-07-10 01:47:10,326: INFO: common: yaml file: config\config.yaml loaded successfully]
[2023-07-10 01:47:10,328: INFO: common: yaml file: params.yaml loaded successfully]
[2023-07-10 01:47:10,329: INFO: common: created directory at: artifacts]
[2023-07-10 01:47:10,330: INFO: common: created directory at: artifacts/data_ingestion]
[2023-07-10 01:48:28,902: INFO: common: yaml file: config\config.yaml loaded successfully]
[2023-07-10 01:48:28,903: INFO: common: yaml file: params.yaml loaded successfully]
[2023-07-10 01:48:28,905: INFO: common: created directory at: artifacts]
[2023-07-10 01:48:28,906: INFO: common: created directory at: artifacts/data_ingestion]
[2023-07-10 01:56:48,023: INFO: common: yaml file: config\config.yaml loaded successfully]
[2023-07-10 01:56:48,025: INFO: common: yaml file: params.yaml loaded successfully]
[2023-07-10 01:56:48,026: INFO: common: created directory at: artifacts]
[2023-07-10 01:56:48,027: INFO: common: created directory at: artifacts/data_ingestion]
[2023-07-10 02:04:24,480: INFO: common: yaml file: config\config.yaml loaded successfully]
[2023-07-10 02:04:24,482: INFO: common: yaml file: params.yaml loaded successfully]
[2023-07-10 02:04:24,483: INFO: common: created directory at: artifacts]
[2023-07-10 02:04:24,484: INFO: common: created directory at: artifacts/data_ingestion]
[2023-07-10 02:04:25,009: INFO: 4037744573: artifacts/data_ingestion/data.zip download! with following info: 
Server: GitHub.com
Date: Mon, 10 Jul 2023 00:04:24 GMT
Content-Type: text/html; charset=utf-8
Vary: X-PJAX, X-PJAX-Container, Turbo-Visit, Turbo-Frame, Accept-Encoding, Accept, X-Requested-With
ETag: W/"53d8a2d1eb9f2bf72e58ee128ead742b"
Cache-Control: max-age=0, private, must-revalidate
Strict-Transport-Security: max-age=31536000; includeSubdomains; preload
X-Frame-Options: deny
X-Content-Type-Options: nosniff
X-XSS-Protection: 0
Referrer-Policy: no-referrer-when-downgrade
Content-Security-Policy: default-src 'none'; base-uri 'self'; block-all-mixed-content; child-src github.com/assets-cdn/worker/ gist.github.com/assets-cdn/worker/; connect-src 'self' uploads.github.com objects-origin.githubusercontent.com www.githubstatus.com collector.github.com raw.githubusercontent.com api.github.com github-cloud.s3.amazonaws.com github-production-repository-file-5c1aeb.s3.amazonaws.com github-production-upload-manifest-file-7fdce7.s3.amazonaws.com github-production-user-asset-6210df.s3.amazonaws.com cdn.optimizely.com logx.optimizely.com/v1/events *.actions.githubusercontent.com productionresultssa0.blob.core.windows.net/ productionresultssa1.blob.core.windows.net/ productionresultssa2.blob.core.windows.net/ productionresultssa3.blob.core.windows.net/ productionresultssa4.blob.core.windows.net/ wss://*.actions.githubusercontent.com github-production-repository-image-32fea6.s3.amazonaws.com github-production-release-asset-2e65be.s3.amazonaws.com insights.github.com wss://alive.github.com; font-src github.githubassets.com; form-action 'self' github.com gist.github.com objects-origin.githubusercontent.com; frame-ancestors 'none'; frame-src viewscreen.githubusercontent.com notebooks.githubusercontent.com; img-src 'self' data: github.githubassets.com media.githubusercontent.com camo.githubusercontent.com identicons.github.com avatars.githubusercontent.com github-cloud.s3.amazonaws.com objects.githubusercontent.com objects-origin.githubusercontent.com secured-user-images.githubusercontent.com/ user-images.githubusercontent.com/ private-user-images.githubusercontent.com opengraph.githubassets.com github-production-user-asset-6210df.s3.amazonaws.com customer-stories-feed.github.com spotlights-feed.github.com *.githubusercontent.com; manifest-src 'self'; media-src github.com user-images.githubusercontent.com/ secured-user-images.githubusercontent.com/ private-user-images.githubusercontent.com; script-src github.githubassets.com; style-src 'unsafe-inline' github.githubassets.com; worker-src github.com/assets-cdn/worker/ gist.github.com/assets-cdn/worker/
Set-Cookie: _gh_sess=MuldNHmca8ahDhwcV%2B9ClQaYHrFbwl%2FP6qmCmzAJLxIOY1px8VBfW9Y0%2FIuG7pZQsfgYta4E8mSXVqAXwgv%2FZQeUGbswI0%2FyZWIIVztqA4hami5eJSfLPPlaeBQ6L9pjpUp%2F38vS8AFsbMVjy7Y7CXglgvGk4Z4SlxwbpcwOPVHm0t0x%2F0%2F6kuxCUqRoOMfD43yyVOI73rr2GvWycsclpBlFjK1R0B5HFpkKn4vggO%2B%2B%2FUEhugYrg%2BpnXV2UdXhnbNuU5SWRUoD2kYf0UabEFQ%3D%3D--6Dfbgcq%2B7k0INIfu--mn3KsHqGq9P%2B8RS08u%2BgkQ%3D%3D; Path=/; HttpOnly; Secure; SameSite=Lax
Set-Cookie: _octo=GH1.1.297593179.1688947464; Path=/; Domain=github.com; Expires=Wed, 10 Jul 2024 00:04:24 GMT; Secure; SameSite=Lax
Set-Cookie: logged_in=no; Path=/; Domain=github.com; Expires=Wed, 10 Jul 2024 00:04:24 GMT; HttpOnly; Secure; SameSite=Lax
Accept-Ranges: bytes
Transfer-Encoding: chunked
X-GitHub-Request-Id: D9E2:29FE:BAB1AA3:BDF585F:64AB4B08
connection: close

]
[2023-07-10 02:06:07,657: INFO: common: yaml file: config\config.yaml loaded successfully]
[2023-07-10 02:06:07,658: INFO: common: yaml file: params.yaml loaded successfully]
[2023-07-10 02:06:07,660: INFO: common: created directory at: artifacts]
[2023-07-10 02:06:07,661: INFO: common: created directory at: artifacts/data_ingestion]
[2023-07-10 02:06:08,143: INFO: 4037744573: artifacts/data_ingestion/data.zip download! with following info: 
Server: GitHub.com
Date: Mon, 10 Jul 2023 00:06:08 GMT
Content-Type: text/html; charset=utf-8
Vary: X-PJAX, X-PJAX-Container, Turbo-Visit, Turbo-Frame, Accept-Encoding, Accept, X-Requested-With
ETag: W/"77cbe064fd3f86b7e4a7cc7cf6f4b0c8"
Cache-Control: max-age=0, private, must-revalidate
Strict-Transport-Security: max-age=31536000; includeSubdomains; preload
X-Frame-Options: deny
X-Content-Type-Options: nosniff
X-XSS-Protection: 0
Referrer-Policy: no-referrer-when-downgrade
Content-Security-Policy: default-src 'none'; base-uri 'self'; block-all-mixed-content; child-src github.com/assets-cdn/worker/ gist.github.com/assets-cdn/worker/; connect-src 'self' uploads.github.com objects-origin.githubusercontent.com www.githubstatus.com collector.github.com raw.githubusercontent.com api.github.com github-cloud.s3.amazonaws.com github-production-repository-file-5c1aeb.s3.amazonaws.com github-production-upload-manifest-file-7fdce7.s3.amazonaws.com github-production-user-asset-6210df.s3.amazonaws.com cdn.optimizely.com logx.optimizely.com/v1/events *.actions.githubusercontent.com productionresultssa0.blob.core.windows.net/ productionresultssa1.blob.core.windows.net/ productionresultssa2.blob.core.windows.net/ productionresultssa3.blob.core.windows.net/ productionresultssa4.blob.core.windows.net/ wss://*.actions.githubusercontent.com github-production-repository-image-32fea6.s3.amazonaws.com github-production-release-asset-2e65be.s3.amazonaws.com insights.github.com wss://alive.github.com; font-src github.githubassets.com; form-action 'self' github.com gist.github.com objects-origin.githubusercontent.com; frame-ancestors 'none'; frame-src viewscreen.githubusercontent.com notebooks.githubusercontent.com; img-src 'self' data: github.githubassets.com media.githubusercontent.com camo.githubusercontent.com identicons.github.com avatars.githubusercontent.com github-cloud.s3.amazonaws.com objects.githubusercontent.com objects-origin.githubusercontent.com secured-user-images.githubusercontent.com/ user-images.githubusercontent.com/ private-user-images.githubusercontent.com opengraph.githubassets.com github-production-user-asset-6210df.s3.amazonaws.com customer-stories-feed.github.com spotlights-feed.github.com *.githubusercontent.com; manifest-src 'self'; media-src github.com user-images.githubusercontent.com/ secured-user-images.githubusercontent.com/ private-user-images.githubusercontent.com; script-src github.githubassets.com; style-src 'unsafe-inline' github.githubassets.com; worker-src github.com/assets-cdn/worker/ gist.github.com/assets-cdn/worker/
Set-Cookie: _gh_sess=Hj2l4akKHbFzl1UNuxY%2BPHZmHTXNRncE%2FiEbcXe4fjfvi0TxLLB0wUlyTsyw%2FGnDUEZqIhiqLp33fiHrB0fXSROqTuZ%2BtGhdNksmjhLlSHKyLfFT7Ki9%2Bv6aLQod0Wozq623l3uWSFpu5cKwETWCTkwNvuQq0HAA3eJn9HmwpD9qnzgScqIr5niQjxOCOr%2Ft6bApkZJ0tvUMF7uP7GHOAp8tVMqRxfu8hyM2lCL80alsflmX96N%2BO82y7qlSTw%2BejvR4qWB%2BdqE1yDUb8GMe%2BQ%3D%3D--Mq7xuDwqMFw%2BNyQC--rUOZ7Z%2FRHGdLtdkE3WqqCg%3D%3D; Path=/; HttpOnly; Secure; SameSite=Lax
Set-Cookie: _octo=GH1.1.997858946.1688947567; Path=/; Domain=github.com; Expires=Wed, 10 Jul 2024 00:06:07 GMT; Secure; SameSite=Lax
Set-Cookie: logged_in=no; Path=/; Domain=github.com; Expires=Wed, 10 Jul 2024 00:06:07 GMT; HttpOnly; Secure; SameSite=Lax
Accept-Ranges: bytes
Transfer-Encoding: chunked
X-GitHub-Request-Id: D9FB:0215:164D11C8:16A27CC5:64AB4B6F
connection: close

]
[2023-07-10 02:13:12,001: INFO: common: yaml file: config\config.yaml loaded successfully]
[2023-07-10 02:13:12,003: INFO: common: yaml file: params.yaml loaded successfully]
[2023-07-10 02:13:12,004: INFO: common: created directory at: artifacts]
[2023-07-10 02:13:12,005: INFO: common: created directory at: artifacts/data_ingestion]
[2023-07-10 02:13:12,006: INFO: 4037744573: File already exists of size: ~ 117 KB]
[2023-07-10 02:15:24,415: INFO: common: yaml file: config\config.yaml loaded successfully]
[2023-07-10 02:15:24,417: INFO: common: yaml file: params.yaml loaded successfully]
[2023-07-10 02:15:24,418: INFO: common: created directory at: artifacts]
[2023-07-10 02:15:24,419: INFO: common: created directory at: artifacts/data_ingestion]
[2023-07-10 02:15:24,420: INFO: 4037744573: File already exists of size: ~ 117 KB]
[2023-07-10 02:15:45,730: INFO: common: yaml file: config\config.yaml loaded successfully]
[2023-07-10 02:15:45,731: INFO: common: yaml file: params.yaml loaded successfully]
[2023-07-10 02:15:45,732: INFO: common: created directory at: artifacts]
[2023-07-10 02:15:45,733: INFO: common: created directory at: artifacts/data_ingestion]
[2023-07-10 02:15:45,734: INFO: 4037744573: File already exists of size: ~ 117 KB]
[2023-07-10 02:23:30,253: INFO: common: yaml file: config\config.yaml loaded successfully]
[2023-07-10 02:23:30,254: INFO: common: yaml file: params.yaml loaded successfully]
[2023-07-10 02:23:30,255: INFO: common: created directory at: artifacts]
[2023-07-10 02:23:30,256: INFO: common: created directory at: artifacts/data_ingestion]
[2023-07-10 02:23:30,257: INFO: 4037744573: File already exists of size: ~ 117 KB]
[2023-07-10 02:25:04,805: INFO: common: yaml file: config\config.yaml loaded successfully]
[2023-07-10 02:25:04,807: INFO: common: yaml file: params.yaml loaded successfully]
[2023-07-10 02:25:04,808: INFO: common: created directory at: artifacts]
[2023-07-10 02:25:04,809: INFO: common: created directory at: artifacts/data_ingestion]
[2023-07-10 02:25:04,810: INFO: 4264575351: File already exists of size: ~ 117 KB]
[2023-07-10 02:25:33,416: INFO: common: yaml file: config\config.yaml loaded successfully]
[2023-07-10 02:25:33,418: INFO: common: yaml file: params.yaml loaded successfully]
[2023-07-10 02:25:33,419: INFO: common: created directory at: artifacts]
[2023-07-10 02:25:33,420: INFO: common: created directory at: artifacts/data_ingestion]
[2023-07-10 02:25:34,978: INFO: 4264575351: artifacts/data_ingestion/data.zip download! with following info: 
Connection: close
Content-Length: 9977811
Cache-Control: max-age=300
Content-Security-Policy: default-src 'none'; style-src 'unsafe-inline'; sandbox
Content-Type: application/zip
ETag: "21dd92eb50cb6db3ca3237badf53329bcbcc6a86901633e818971e9030c69eb5"
Strict-Transport-Security: max-age=31536000
X-Content-Type-Options: nosniff
X-Frame-Options: deny
X-XSS-Protection: 1; mode=block
X-GitHub-Request-Id: E528:E59B:27DFF68:29AEECE:64AB4FFB
Accept-Ranges: bytes
Date: Mon, 10 Jul 2023 00:25:34 GMT
Via: 1.1 varnish
X-Served-By: cache-ams21042-AMS
X-Cache: MISS
X-Cache-Hits: 0
X-Timer: S1688948734.075771,VS0,VE597
Vary: Authorization,Accept-Encoding,Origin
Access-Control-Allow-Origin: *
Cross-Origin-Resource-Policy: cross-origin
X-Fastly-Request-ID: 6e4c847ed3350e14bb6ce05f50995661d9055927
Expires: Mon, 10 Jul 2023 00:30:34 GMT
Source-Age: 0

]
[2023-07-10 02:27:30,380: INFO: common: yaml file: config\config.yaml loaded successfully]
[2023-07-10 02:27:30,381: INFO: common: yaml file: params.yaml loaded successfully]
[2023-07-10 02:27:30,383: INFO: common: created directory at: artifacts]
[2023-07-10 02:27:30,384: INFO: common: created directory at: artifacts/data_ingestion]
[2023-07-10 02:27:32,105: INFO: 3000848132: artifacts/data_ingestion/data.zip download! with following info: 
Connection: close
Content-Length: 9977811
Cache-Control: max-age=300
Content-Security-Policy: default-src 'none'; style-src 'unsafe-inline'; sandbox
Content-Type: application/zip
ETag: "21dd92eb50cb6db3ca3237badf53329bcbcc6a86901633e818971e9030c69eb5"
Strict-Transport-Security: max-age=31536000
X-Content-Type-Options: nosniff
X-Frame-Options: deny
X-XSS-Protection: 1; mode=block
X-GitHub-Request-Id: E528:E59B:27DFF68:29AEECE:64AB4FFB
Accept-Ranges: bytes
Date: Mon, 10 Jul 2023 00:27:31 GMT
Via: 1.1 varnish
X-Served-By: cache-ams21067-AMS
X-Cache: HIT
X-Cache-Hits: 0
X-Timer: S1688948851.046203,VS0,VE1
Vary: Authorization,Accept-Encoding,Origin
Access-Control-Allow-Origin: *
Cross-Origin-Resource-Policy: cross-origin
X-Fastly-Request-ID: 6e730d2743a7151727386f5daeea13d0de6c1df6
Expires: Mon, 10 Jul 2023 00:32:31 GMT
Source-Age: 117

]
[2023-07-11 23:30:44,496: INFO: main: Hello logger!]
[2023-07-11 23:31:04,182: INFO: main: >>>>> Stage | Data Ingestion Stage | Started]
[2023-07-11 23:31:04,184: INFO: common: yaml file: config\config.yaml loaded successfully]
[2023-07-11 23:31:04,184: INFO: common: yaml file: params.yaml loaded successfully]
[2023-07-11 23:31:04,185: INFO: common: created directory at: artifacts]
[2023-07-11 23:31:04,186: INFO: common: created directory at: artifacts/data_ingestion]
[2023-07-11 23:31:05,659: INFO: data_ingestion: artifacts/data_ingestion/data.zip download! with following info: 
Connection: close
Content-Length: 9977811
Cache-Control: max-age=300
Content-Security-Policy: default-src 'none'; style-src 'unsafe-inline'; sandbox
Content-Type: application/zip
ETag: "21dd92eb50cb6db3ca3237badf53329bcbcc6a86901633e818971e9030c69eb5"
Strict-Transport-Security: max-age=31536000
X-Content-Type-Options: nosniff
X-Frame-Options: deny
X-XSS-Protection: 1; mode=block
X-GitHub-Request-Id: FF1E:71D2:BD13DB:C44273:64ADCA18
Accept-Ranges: bytes
Date: Tue, 11 Jul 2023 21:31:05 GMT
Via: 1.1 varnish
X-Served-By: cache-fra-eddf8230078-FRA
X-Cache: MISS
X-Cache-Hits: 0
X-Timer: S1689111065.853016,VS0,VE522
Vary: Authorization,Accept-Encoding,Origin
Access-Control-Allow-Origin: *
Cross-Origin-Resource-Policy: cross-origin
X-Fastly-Request-ID: e0ec9df091408aeb57045347961492b223be6fd9
Expires: Tue, 11 Jul 2023 21:36:05 GMT
Source-Age: 0

]
[2023-07-11 23:31:05,795: INFO: main: >>>>> Stage | Data Ingestion Stage | Finished 

 ========================================]
[2023-07-12 00:00:46,764: INFO: main: >>>>> Stage | Data Ingestion Stage | Started]
[2023-07-12 00:00:46,766: INFO: common: yaml file: config\config.yaml loaded successfully]
[2023-07-12 00:00:46,767: INFO: common: yaml file: params.yaml loaded successfully]
[2023-07-12 00:00:46,768: INFO: common: created directory at: artifacts]
[2023-07-12 00:00:46,768: INFO: common: created directory at: artifacts/data_ingestion]
[2023-07-12 00:00:48,823: INFO: data_ingestion: artifacts/data_ingestion/data.zip download! with following info: 
Connection: close
Content-Length: 9977811
Cache-Control: max-age=300
Content-Security-Policy: default-src 'none'; style-src 'unsafe-inline'; sandbox
Content-Type: application/zip
ETag: "21dd92eb50cb6db3ca3237badf53329bcbcc6a86901633e818971e9030c69eb5"
Strict-Transport-Security: max-age=31536000
X-Content-Type-Options: nosniff
X-Frame-Options: deny
X-XSS-Protection: 1; mode=block
X-GitHub-Request-Id: FF1E:71D2:BD13DB:C44273:64ADCA18
Accept-Ranges: bytes
Date: Tue, 11 Jul 2023 22:00:47 GMT
Via: 1.1 varnish
X-Served-By: cache-fra-eddf8230111-FRA
X-Cache: HIT
X-Cache-Hits: 0
X-Timer: S1689112847.399649,VS0,VE183
Vary: Authorization,Accept-Encoding,Origin
Access-Control-Allow-Origin: *
Cross-Origin-Resource-Policy: cross-origin
X-Fastly-Request-ID: d54806f24c941d9d14313cb55970e7f81830053e
Expires: Tue, 11 Jul 2023 22:05:47 GMT
Source-Age: 0

]
[2023-07-12 00:00:48,958: INFO: main: >>>>> Stage | Data Ingestion Stage | Finished 

 ========================================]
[2023-07-12 00:12:43,366: INFO: common: yaml file: config\config.yaml loaded successfully]
[2023-07-12 00:12:43,368: INFO: common: yaml file: params.yaml loaded successfully]
[2023-07-12 00:12:43,369: INFO: common: created directory at: artifacts]
[2023-07-12 00:14:17,947: INFO: common: yaml file: config\config.yaml loaded successfully]
[2023-07-12 00:14:17,957: INFO: common: yaml file: params.yaml loaded successfully]
[2023-07-12 00:14:17,958: INFO: common: created directory at: artifacts]
[2023-07-12 00:14:17,960: INFO: common: created directory at: artifacts/prepare_base_model]
[2023-07-12 00:14:21,697: WARNING: saving_utils: Compiled the loaded model, but the compiled metrics have yet to be built. `model.compile_metrics` will be empty until you train or evaluate the model.]
[2023-07-12 00:37:21,320: INFO: main: >>>>> Stage | Data Ingestion Stage | Started]
[2023-07-12 00:37:21,322: INFO: common: yaml file: config\config.yaml loaded successfully]
[2023-07-12 00:37:21,324: INFO: common: yaml file: params.yaml loaded successfully]
[2023-07-12 00:37:21,325: INFO: common: created directory at: artifacts]
[2023-07-12 00:37:21,326: INFO: common: created directory at: artifacts/data_ingestion]
[2023-07-12 00:37:22,806: INFO: data_ingestion: artifacts/data_ingestion/data.zip download! with following info: 
Connection: close
Content-Length: 9977811
Cache-Control: max-age=300
Content-Security-Policy: default-src 'none'; style-src 'unsafe-inline'; sandbox
Content-Type: application/zip
ETag: "21dd92eb50cb6db3ca3237badf53329bcbcc6a86901633e818971e9030c69eb5"
Strict-Transport-Security: max-age=31536000
X-Content-Type-Options: nosniff
X-Frame-Options: deny
X-XSS-Protection: 1; mode=block
X-GitHub-Request-Id: 81A6:21DC:C4C99D:CC44E1:64ADD9A0
Accept-Ranges: bytes
Date: Tue, 11 Jul 2023 22:37:22 GMT
Via: 1.1 varnish
X-Served-By: cache-ams21038-AMS
X-Cache: MISS
X-Cache-Hits: 0
X-Timer: S1689115042.963477,VS0,VE462
Vary: Authorization,Accept-Encoding,Origin
Access-Control-Allow-Origin: *
Cross-Origin-Resource-Policy: cross-origin
X-Fastly-Request-ID: f10ab14674bc6d750a12a3198439392aded988fa
Expires: Tue, 11 Jul 2023 22:42:22 GMT
Source-Age: 0

]
[2023-07-12 00:37:22,943: INFO: main: >>>>> Stage | Data Ingestion Stage | Finished 

 ========================================]
[2023-07-12 00:37:22,943: INFO: main: *******************]
[2023-07-12 00:37:22,944: INFO: main: >>>>>> Stage | Prepare base model | Started <<<<<<]
[2023-07-12 00:37:22,946: INFO: common: yaml file: config\config.yaml loaded successfully]
[2023-07-12 00:37:22,948: INFO: common: yaml file: params.yaml loaded successfully]
[2023-07-12 00:37:22,949: INFO: common: created directory at: artifacts]
[2023-07-12 00:37:22,950: INFO: common: created directory at: artifacts/prepare_base_model]
[2023-07-12 00:37:23,325: WARNING: saving_utils: Compiled the loaded model, but the compiled metrics have yet to be built. `model.compile_metrics` will be empty until you train or evaluate the model.]
[2023-07-12 00:37:23,514: INFO: main: >>>>>> Stage Prepare base model | Finished <<<<<<

x==========x]
[2023-07-12 23:11:09,205: INFO: common: yaml file: config\config.yaml loaded successfully]
[2023-07-12 23:11:09,214: INFO: common: yaml file: params.yaml loaded successfully]
[2023-07-12 23:11:09,216: INFO: common: created directory at: artifacts]
[2023-07-12 23:11:36,955: INFO: common: yaml file: config\config.yaml loaded successfully]
[2023-07-12 23:11:36,957: INFO: common: yaml file: params.yaml loaded successfully]
[2023-07-12 23:11:36,959: INFO: common: created directory at: artifacts]
[2023-07-12 23:11:36,960: INFO: common: created directory at: artifacts\prepare_callbacks\checkpoint_dir]
[2023-07-12 23:11:36,962: INFO: common: created directory at: artifacts\prepare_callbacks\tensorboard_log_dir]
[2023-07-12 23:28:16,685: INFO: common: yaml file: config\config.yaml loaded successfully]
[2023-07-12 23:28:16,688: INFO: common: yaml file: params.yaml loaded successfully]
[2023-07-12 23:28:16,689: INFO: common: created directory at: artifacts]
[2023-07-12 23:28:16,690: INFO: common: created directory at: artifacts\prepare_callbacks\checkpoint_dir]
[2023-07-12 23:28:16,692: INFO: common: created directory at: artifacts\prepare_callbacks\tensorboard_log_dir]
[2023-07-12 23:35:53,812: INFO: common: yaml file: config\config.yaml loaded successfully]
[2023-07-12 23:35:53,815: INFO: common: yaml file: params.yaml loaded successfully]
[2023-07-12 23:35:53,816: INFO: common: created directory at: artifacts]
[2023-07-12 23:35:53,818: INFO: common: created directory at: artifacts\prepare_callbacks\checkpoint_dir]
[2023-07-12 23:35:53,819: INFO: common: created directory at: artifacts\prepare_callbacks\tensorboard_log_dir]
[2023-07-12 23:36:29,532: INFO: common: yaml file: config\config.yaml loaded successfully]
[2023-07-12 23:36:29,535: INFO: common: yaml file: params.yaml loaded successfully]
[2023-07-12 23:36:29,536: INFO: common: created directory at: artifacts]
[2023-07-12 23:36:29,538: INFO: common: created directory at: artifacts\prepare_callbacks\checkpoint_dir]
[2023-07-12 23:36:29,539: INFO: common: created directory at: artifacts\prepare_callbacks\tensorboard_log_dir]
[2023-07-12 23:36:49,857: INFO: common: yaml file: config\config.yaml loaded successfully]
[2023-07-12 23:36:49,860: INFO: common: yaml file: params.yaml loaded successfully]
[2023-07-12 23:36:49,861: INFO: common: created directory at: artifacts]
[2023-07-12 23:36:49,862: INFO: common: created directory at: artifacts\prepare_callbacks\checkpoint_dir]
[2023-07-12 23:36:49,863: INFO: common: created directory at: artifacts\prepare_callbacks\tensorboard_log_dir]
[2023-07-12 23:37:09,778: INFO: common: yaml file: config\config.yaml loaded successfully]
[2023-07-12 23:37:09,781: INFO: common: yaml file: params.yaml loaded successfully]
[2023-07-12 23:37:09,783: INFO: common: created directory at: artifacts]
[2023-07-12 23:37:09,784: INFO: common: created directory at: artifacts\prepare_callbacks\checkpoint_dir]
[2023-07-12 23:37:09,786: INFO: common: created directory at: artifacts\prepare_callbacks\tensorboard_log_dir]
[2023-07-12 23:38:32,785: INFO: common: yaml file: config\config.yaml loaded successfully]
[2023-07-12 23:38:32,788: INFO: common: yaml file: params.yaml loaded successfully]
[2023-07-12 23:38:32,789: INFO: common: created directory at: artifacts]
[2023-07-12 23:38:32,791: INFO: common: created directory at: artifacts\prepare_callbacks\checkpoint_dir]
[2023-07-12 23:38:32,792: INFO: common: created directory at: artifacts\prepare_callbacks\tensorboard_log_dir]
[2023-07-12 23:39:10,185: INFO: common: yaml file: config\config.yaml loaded successfully]
[2023-07-12 23:39:10,188: INFO: common: yaml file: params.yaml loaded successfully]
[2023-07-12 23:39:10,189: INFO: common: created directory at: artifacts]
[2023-07-12 23:39:10,190: INFO: common: created directory at: artifacts\prepare_callbacks\checkpoint_dir]
[2023-07-12 23:39:10,191: INFO: common: created directory at: artifacts\prepare_callbacks\tensorboard_log_dir]
[2023-07-12 23:41:18,144: INFO: common: yaml file: config\config.yaml loaded successfully]
[2023-07-12 23:41:18,147: INFO: common: yaml file: params.yaml loaded successfully]
[2023-07-12 23:41:18,148: INFO: common: created directory at: artifacts]
[2023-07-12 23:41:18,150: INFO: common: created directory at: artifacts\prepare_callbacks\checkpoint_dir]
[2023-07-12 23:41:18,151: INFO: common: created directory at: artifacts\prepare_callbacks\tensorboard_log_dir]
[2023-07-12 23:47:48,781: INFO: common: yaml file: config\config.yaml loaded successfully]
[2023-07-12 23:47:48,784: INFO: common: yaml file: params.yaml loaded successfully]
[2023-07-12 23:47:48,785: INFO: common: created directory at: artifacts]
[2023-07-12 23:47:48,787: INFO: common: created directory at: artifacts\prepare_callbacks\checkpoint_dir]
[2023-07-12 23:47:48,788: INFO: common: created directory at: artifacts\prepare_callbacks\tensorboard_log_dir]
[2023-07-12 23:57:51,807: INFO: common: yaml file: config\config.yaml loaded successfully]
[2023-07-12 23:57:51,810: INFO: common: yaml file: params.yaml loaded successfully]
[2023-07-12 23:57:51,812: INFO: common: created directory at: artifacts]
[2023-07-12 23:57:51,813: INFO: common: created directory at: artifacts\prepare_callbacks\checkpoint_dir]
[2023-07-12 23:57:51,814: INFO: common: created directory at: artifacts\prepare_callbacks\tensorboard_log_dir]
[2023-07-12 23:58:49,317: INFO: common: yaml file: config\config.yaml loaded successfully]
[2023-07-12 23:58:49,320: INFO: common: yaml file: params.yaml loaded successfully]
[2023-07-12 23:58:49,321: INFO: common: created directory at: artifacts]
[2023-07-12 23:58:49,323: INFO: common: created directory at: artifacts\prepare_callbacks\checkpoint_dir]
[2023-07-12 23:58:49,324: INFO: common: created directory at: artifacts\prepare_callbacks\tensorboard_log_dir]
[2023-07-12 23:59:17,433: INFO: common: yaml file: config\config.yaml loaded successfully]
[2023-07-12 23:59:17,436: INFO: common: yaml file: params.yaml loaded successfully]
[2023-07-12 23:59:17,437: INFO: common: created directory at: artifacts]
[2023-07-12 23:59:17,439: INFO: common: created directory at: artifacts\prepare_callbacks\checkpoint_dir]
[2023-07-12 23:59:17,440: INFO: common: created directory at: artifacts\prepare_callbacks\tensorboard_log_dir]
[2023-07-12 23:59:25,512: INFO: common: yaml file: config\config.yaml loaded successfully]
[2023-07-12 23:59:25,515: INFO: common: yaml file: params.yaml loaded successfully]
[2023-07-12 23:59:25,516: INFO: common: created directory at: artifacts]
[2023-07-12 23:59:25,517: INFO: common: created directory at: artifacts\prepare_callbacks\checkpoint_dir]
[2023-07-12 23:59:25,518: INFO: common: created directory at: artifacts\prepare_callbacks\tensorboard_log_dir]
[2023-07-13 00:01:04,726: INFO: common: yaml file: config\config.yaml loaded successfully]
[2023-07-13 00:01:04,728: INFO: common: yaml file: params.yaml loaded successfully]
[2023-07-13 00:01:04,730: INFO: common: created directory at: artifacts]
[2023-07-13 00:01:04,731: INFO: common: created directory at: artifacts\prepare_callbacks\checkpoint_dir]
[2023-07-13 00:01:04,732: INFO: common: created directory at: artifacts\prepare_callbacks\tensorboard_log_dir]
[2023-07-13 00:01:22,336: INFO: common: yaml file: config\config.yaml loaded successfully]
[2023-07-13 00:01:22,339: INFO: common: yaml file: params.yaml loaded successfully]
[2023-07-13 00:01:22,340: INFO: common: created directory at: artifacts]
[2023-07-13 00:01:22,341: INFO: common: created directory at: artifacts\prepare_callbacks\checkpoint_dir]
[2023-07-13 00:01:22,342: INFO: common: created directory at: artifacts\prepare_callbacks\tensorboard_log_dir]
[2023-07-13 00:01:38,864: INFO: common: yaml file: config\config.yaml loaded successfully]
[2023-07-13 00:01:38,867: INFO: common: yaml file: params.yaml loaded successfully]
[2023-07-13 00:01:38,868: INFO: common: created directory at: artifacts]
[2023-07-13 00:01:38,870: INFO: common: created directory at: artifacts\prepare_callbacks\checkpoint_dir]
[2023-07-13 00:01:38,871: INFO: common: created directory at: artifacts\prepare_callbacks\tensorboard_log_dir]
[2023-07-13 00:01:54,402: INFO: common: yaml file: config\config.yaml loaded successfully]
[2023-07-13 00:01:54,405: INFO: common: yaml file: params.yaml loaded successfully]
[2023-07-13 00:01:54,406: INFO: common: created directory at: artifacts]
[2023-07-13 00:01:54,407: INFO: common: created directory at: artifacts\prepare_callbacks\checkpoint_dir]
[2023-07-13 00:01:54,408: INFO: common: created directory at: artifacts\prepare_callbacks\tensorboard_log_dir]
[2023-07-13 00:03:31,277: INFO: common: yaml file: config\config.yaml loaded successfully]
[2023-07-13 00:03:31,279: INFO: common: yaml file: params.yaml loaded successfully]
[2023-07-13 00:03:31,280: INFO: common: created directory at: artifacts]
[2023-07-13 00:03:31,282: INFO: common: created directory at: artifacts\prepare_callbacks\checkpoint_dir]
[2023-07-13 00:03:31,283: INFO: common: created directory at: artifacts\prepare_callbacks\tensorboard_log_dir]
[2023-07-13 00:05:20,630: INFO: common: yaml file: config\config.yaml loaded successfully]
[2023-07-13 00:05:20,633: INFO: common: yaml file: params.yaml loaded successfully]
[2023-07-13 00:05:20,634: INFO: common: created directory at: artifacts]
[2023-07-13 00:05:20,635: INFO: common: created directory at: artifacts\prepare_callbacks\checkpoint_dir]
[2023-07-13 00:05:20,636: INFO: common: created directory at: artifacts\prepare_callbacks\tensorboard_log_dir]
[2023-07-13 00:05:54,669: INFO: common: yaml file: config\config.yaml loaded successfully]
[2023-07-13 00:05:54,672: INFO: common: yaml file: params.yaml loaded successfully]
[2023-07-13 00:05:54,673: INFO: common: created directory at: artifacts]
[2023-07-13 00:05:54,674: INFO: common: created directory at: artifacts\prepare_callbacks\checkpoint_dir]
[2023-07-13 00:05:54,676: INFO: common: created directory at: artifacts\prepare_callbacks\tensorboard_log_dir]
[2023-07-13 00:08:59,095: INFO: common: yaml file: config\config.yaml loaded successfully]
[2023-07-13 00:08:59,098: INFO: common: yaml file: params.yaml loaded successfully]
[2023-07-13 00:08:59,100: INFO: common: created directory at: artifacts]
[2023-07-13 00:08:59,101: INFO: common: created directory at: artifacts\prepare_callbacks\checkpoint_dir]
[2023-07-13 00:08:59,102: INFO: common: created directory at: artifacts\prepare_callbacks\tensorboard_log_dir]
[2023-07-13 00:09:24,475: INFO: common: yaml file: config\config.yaml loaded successfully]
[2023-07-13 00:09:24,477: INFO: common: yaml file: params.yaml loaded successfully]
[2023-07-13 00:09:24,478: INFO: common: created directory at: artifacts]
[2023-07-13 00:09:24,480: INFO: common: created directory at: artifacts\prepare_callbacks\checkpoint_dir]
[2023-07-13 00:09:24,481: INFO: common: created directory at: artifacts\prepare_callbacks\tensorboard_log_dir]
[2023-07-13 00:09:56,945: INFO: common: yaml file: config\config.yaml loaded successfully]
[2023-07-13 00:09:56,947: INFO: common: yaml file: params.yaml loaded successfully]
[2023-07-13 00:09:56,948: INFO: common: created directory at: artifacts]
[2023-07-13 00:09:56,949: INFO: common: created directory at: artifacts\prepare_callbacks\checkpoint_dir]
[2023-07-13 00:09:56,950: INFO: common: created directory at: artifacts\prepare_callbacks\tensorboard_log_dir]
[2023-07-13 00:14:39,040: INFO: common: yaml file: config\config.yaml loaded successfully]
[2023-07-13 00:14:39,042: INFO: common: yaml file: params.yaml loaded successfully]
[2023-07-13 00:14:39,044: INFO: common: created directory at: artifacts]
[2023-07-13 00:14:39,045: INFO: common: created directory at: artifacts\prepare_callbacks\checkpoint_dir]
[2023-07-13 00:14:39,046: INFO: common: created directory at: artifacts\prepare_callbacks\tensorboard_log_dir]
[2023-07-13 00:17:55,831: INFO: common: yaml file: config\config.yaml loaded successfully]
[2023-07-13 00:17:55,834: INFO: common: yaml file: params.yaml loaded successfully]
[2023-07-13 00:17:55,835: INFO: common: created directory at: artifacts]
[2023-07-13 00:17:55,837: INFO: common: created directory at: artifacts\prepare_callbacks\checkpoint_dir]
[2023-07-13 00:17:55,838: INFO: common: created directory at: artifacts\prepare_callbacks\tensorboard_log_dir]
[2023-07-13 22:22:45,684: INFO: common: yaml file: config\config.yaml loaded successfully]
[2023-07-13 22:22:45,687: INFO: common: yaml file: params.yaml loaded successfully]
[2023-07-13 22:22:45,689: INFO: common: created directory at: artifacts]
[2023-07-13 22:22:45,690: INFO: common: created directory at: artifacts\prepare_callbacks\checkpoint_dir]
[2023-07-13 22:22:45,691: INFO: common: created directory at: artifacts\prepare_callbacks\tensorboard_log_dir]
[2023-07-13 22:23:49,299: INFO: common: yaml file: config\config.yaml loaded successfully]
[2023-07-13 22:23:49,302: INFO: common: yaml file: params.yaml loaded successfully]
[2023-07-13 22:23:49,303: INFO: common: created directory at: artifacts]
[2023-07-13 22:23:49,304: INFO: common: created directory at: artifacts\prepare_callbacks\checkpoint_dir]
[2023-07-13 22:23:49,306: INFO: common: created directory at: artifacts\prepare_callbacks\tensorboard_log_dir]
[2023-07-13 22:23:49,307: INFO: common: created directory at: artifacts\training]
[2023-07-13 22:33:59,192: INFO: common: yaml file: config\config.yaml loaded successfully]
[2023-07-13 22:33:59,195: INFO: common: yaml file: params.yaml loaded successfully]
[2023-07-13 22:33:59,196: INFO: common: created directory at: artifacts]
[2023-07-13 22:33:59,197: INFO: common: created directory at: artifacts\prepare_callbacks\checkpoint_dir]
[2023-07-13 22:33:59,198: INFO: common: created directory at: artifacts\prepare_callbacks\tensorboard_log_dir]
[2023-07-13 22:33:59,199: INFO: common: created directory at: artifacts\training]
[2023-07-13 22:35:27,259: INFO: common: yaml file: config\config.yaml loaded successfully]
[2023-07-13 22:35:27,262: INFO: common: yaml file: params.yaml loaded successfully]
[2023-07-13 22:35:27,263: INFO: common: created directory at: artifacts]
[2023-07-13 22:35:27,264: INFO: common: created directory at: artifacts\prepare_callbacks\checkpoint_dir]
[2023-07-13 22:35:27,265: INFO: common: created directory at: artifacts\prepare_callbacks\tensorboard_log_dir]
[2023-07-13 22:35:27,266: INFO: common: created directory at: artifacts\training]
[2023-07-13 22:44:44,725: INFO: main: >>>>> Stage | Data Ingestion Stage | Started]
[2023-07-13 22:44:44,729: INFO: common: yaml file: config\config.yaml loaded successfully]
[2023-07-13 22:44:44,731: INFO: common: yaml file: params.yaml loaded successfully]
[2023-07-13 22:44:44,731: INFO: common: created directory at: artifacts]
[2023-07-13 22:44:44,732: INFO: common: created directory at: artifacts/data_ingestion]
[2023-07-13 22:44:45,958: ERROR: main: >>>>> Stage | Data Ingestion Stage | Failed]
Traceback (most recent call last):
  File "main.py", line 10, in <module>
    obj.main()
  File "c:\edu\python\mlops_projects\mlops_cat_disease_detector\src\CNN_Cat_health_classifier\pipeline\stage_01_data_ingestion.py", line 16, in main
    data_ingestion.download_file()
  File "c:\edu\python\mlops_projects\mlops_cat_disease_detector\src\CNN_Cat_health_classifier\components\data_ingestion.py", line 19, in download_file
    filename, headers = request.urlretrieve(
  File "C:\Users\Admin\anaconda3\envs\mlops\lib\urllib\request.py", line 257, in urlretrieve
    tfp = open(filename, 'wb')
FileNotFoundError: [Errno 2] No such file or directory: 'artifacts/data_ingestion/cats_healthy_and_sick/data.zip'
[2023-07-13 22:46:09,999: INFO: main: >>>>> Stage | Data Ingestion Stage | Started]
[2023-07-13 22:46:10,002: INFO: common: yaml file: config\config.yaml loaded successfully]
[2023-07-13 22:46:10,004: INFO: common: yaml file: params.yaml loaded successfully]
[2023-07-13 22:46:10,005: INFO: common: created directory at: artifacts]
[2023-07-13 22:46:10,005: INFO: common: created directory at: artifacts/data_ingestion]
[2023-07-13 22:46:11,610: INFO: data_ingestion: artifacts/data_ingestion/data.zip download! with following info: 
Connection: close
Content-Length: 9977811
Cache-Control: max-age=300
Content-Security-Policy: default-src 'none'; style-src 'unsafe-inline'; sandbox
Content-Type: application/zip
ETag: "21dd92eb50cb6db3ca3237badf53329bcbcc6a86901633e818971e9030c69eb5"
Strict-Transport-Security: max-age=31536000
X-Content-Type-Options: nosniff
X-Frame-Options: deny
X-XSS-Protection: 1; mode=block
X-GitHub-Request-Id: E406:2710:16430A:170637:64B0623D
Accept-Ranges: bytes
Date: Thu, 13 Jul 2023 20:46:10 GMT
Via: 1.1 varnish
X-Served-By: cache-ams21050-AMS
X-Cache: HIT
X-Cache-Hits: 0
X-Timer: S1689281170.362823,VS0,VE1
Vary: Authorization,Accept-Encoding,Origin
Access-Control-Allow-Origin: *
Cross-Origin-Resource-Policy: cross-origin
X-Fastly-Request-ID: 406f15d1f72438b121c895a10527101e08d92301
Expires: Thu, 13 Jul 2023 20:51:10 GMT
Source-Age: 85

]
[2023-07-13 22:46:11,752: INFO: main: >>>>> Stage | Data Ingestion Stage | Finished 

 ========================================]
[2023-07-13 22:46:11,753: INFO: main: *******************]
[2023-07-13 22:46:11,753: INFO: main: >>>>>> Stage | Prepare base model | Started <<<<<<]
[2023-07-13 22:46:11,757: INFO: common: yaml file: config\config.yaml loaded successfully]
[2023-07-13 22:46:11,759: INFO: common: yaml file: params.yaml loaded successfully]
[2023-07-13 22:46:11,759: INFO: common: created directory at: artifacts]
[2023-07-13 22:46:11,760: INFO: common: created directory at: artifacts/prepare_base_model]
[2023-07-13 22:46:12,171: WARNING: saving_utils: Compiled the loaded model, but the compiled metrics have yet to be built. `model.compile_metrics` will be empty until you train or evaluate the model.]
[2023-07-13 22:46:12,375: INFO: main: >>>>>> Stage Prepare base model | Finished <<<<<<

x==========x]
[2023-07-13 22:48:59,543: INFO: common: yaml file: config\config.yaml loaded successfully]
[2023-07-13 22:48:59,546: INFO: common: yaml file: params.yaml loaded successfully]
[2023-07-13 22:48:59,547: INFO: common: created directory at: artifacts]
[2023-07-13 22:48:59,548: INFO: common: created directory at: artifacts\prepare_callbacks\checkpoint_dir]
[2023-07-13 22:48:59,550: INFO: common: created directory at: artifacts\prepare_callbacks\tensorboard_log_dir]
[2023-07-13 22:48:59,552: INFO: common: created directory at: artifacts\training]
[2023-07-13 23:10:10,177: INFO: main: >>>>> Stage | Data Ingestion Stage | Started]
[2023-07-13 23:10:10,181: INFO: common: yaml file: config\config.yaml loaded successfully]
[2023-07-13 23:10:10,183: INFO: common: yaml file: params.yaml loaded successfully]
[2023-07-13 23:10:10,184: INFO: common: created directory at: artifacts]
[2023-07-13 23:10:10,185: INFO: common: created directory at: artifacts/data_ingestion]
[2023-07-13 23:10:10,528: ERROR: main: >>>>> Stage | Data Ingestion Stage | Failed]
Traceback (most recent call last):
  File "main.py", line 10, in <module>
    obj.main()
  File "c:\edu\python\mlops_projects\mlops_cat_disease_detector\src\CNN_Cat_health_classifier\pipeline\stage_01_data_ingestion.py", line 16, in main
    data_ingestion.download_file()
  File "c:\edu\python\mlops_projects\mlops_cat_disease_detector\src\CNN_Cat_health_classifier\components\data_ingestion.py", line 19, in download_file
    filename, headers = request.urlretrieve(
  File "C:\Users\Admin\anaconda3\envs\mlops\lib\urllib\request.py", line 247, in urlretrieve
    with contextlib.closing(urlopen(url, data)) as fp:
  File "C:\Users\Admin\anaconda3\envs\mlops\lib\urllib\request.py", line 222, in urlopen
    return opener.open(url, data, timeout)
  File "C:\Users\Admin\anaconda3\envs\mlops\lib\urllib\request.py", line 531, in open
    response = meth(req, response)
  File "C:\Users\Admin\anaconda3\envs\mlops\lib\urllib\request.py", line 640, in http_response
    response = self.parent.error(
  File "C:\Users\Admin\anaconda3\envs\mlops\lib\urllib\request.py", line 569, in error
    return self._call_chain(*args)
  File "C:\Users\Admin\anaconda3\envs\mlops\lib\urllib\request.py", line 502, in _call_chain
    result = func(*args)
  File "C:\Users\Admin\anaconda3\envs\mlops\lib\urllib\request.py", line 649, in http_error_default
    raise HTTPError(req.full_url, code, msg, hdrs, fp)
urllib.error.HTTPError: HTTP Error 404: Not Found
[2023-07-13 23:12:26,481: INFO: main: >>>>> Stage | Data Ingestion Stage | Started]
[2023-07-13 23:12:26,485: INFO: common: yaml file: config\config.yaml loaded successfully]
[2023-07-13 23:12:26,487: INFO: common: yaml file: params.yaml loaded successfully]
[2023-07-13 23:12:26,488: INFO: common: created directory at: artifacts]
[2023-07-13 23:12:26,489: INFO: common: created directory at: artifacts/data_ingestion]
[2023-07-13 23:12:28,948: INFO: data_ingestion: artifacts/data_ingestion/data.zip download! with following info: 
Connection: close
Content-Length: 9981725
Cache-Control: max-age=300
Content-Security-Policy: default-src 'none'; style-src 'unsafe-inline'; sandbox
Content-Type: application/zip
ETag: "72361a350a3e5da3cdf4a0eabf16e4df71a0b45e556f36967e64c9c82e66624c"
Strict-Transport-Security: max-age=31536000
X-Content-Type-Options: nosniff
X-Frame-Options: deny
X-XSS-Protection: 1; mode=block
X-GitHub-Request-Id: CA08:5F27:32EDCA:3498C7:64B068BB
Accept-Ranges: bytes
Date: Thu, 13 Jul 2023 21:12:27 GMT
Via: 1.1 varnish
X-Served-By: cache-ams21038-AMS
X-Cache: MISS
X-Cache-Hits: 0
X-Timer: S1689282747.144872,VS0,VE578
Vary: Authorization,Accept-Encoding,Origin
Access-Control-Allow-Origin: *
Cross-Origin-Resource-Policy: cross-origin
X-Fastly-Request-ID: 9f13e4ff642f182d6a4b3411c51dd353db9233f5
Expires: Thu, 13 Jul 2023 21:17:27 GMT
Source-Age: 0

]
[2023-07-13 23:12:29,087: INFO: main: >>>>> Stage | Data Ingestion Stage | Finished 

 ========================================]
[2023-07-13 23:12:29,087: INFO: main: *******************]
[2023-07-13 23:12:29,088: INFO: main: >>>>>> Stage | Prepare base model | Started <<<<<<]
[2023-07-13 23:12:29,091: INFO: common: yaml file: config\config.yaml loaded successfully]
[2023-07-13 23:12:29,093: INFO: common: yaml file: params.yaml loaded successfully]
[2023-07-13 23:12:29,093: INFO: common: created directory at: artifacts]
[2023-07-13 23:12:29,094: INFO: common: created directory at: artifacts/prepare_base_model]
[2023-07-13 23:12:29,473: WARNING: saving_utils: Compiled the loaded model, but the compiled metrics have yet to be built. `model.compile_metrics` will be empty until you train or evaluate the model.]
[2023-07-13 23:12:29,665: INFO: main: >>>>>> Stage Prepare base model | Finished <<<<<<

x==========x]
[2023-07-13 23:15:07,184: INFO: common: yaml file: config\config.yaml loaded successfully]
[2023-07-13 23:15:07,187: INFO: common: yaml file: params.yaml loaded successfully]
[2023-07-13 23:15:07,188: INFO: common: created directory at: artifacts]
[2023-07-13 23:15:07,189: INFO: common: created directory at: artifacts\prepare_callbacks\checkpoint_dir]
[2023-07-13 23:15:07,190: INFO: common: created directory at: artifacts\prepare_callbacks\tensorboard_log_dir]
[2023-07-13 23:15:07,192: INFO: common: created directory at: artifacts\training]
[2023-07-13 23:21:07,538: INFO: common: yaml file: config\config.yaml loaded successfully]
[2023-07-13 23:21:07,540: INFO: common: yaml file: params.yaml loaded successfully]
[2023-07-13 23:21:07,542: INFO: common: created directory at: artifacts]
[2023-07-13 23:21:07,543: INFO: common: created directory at: artifacts\prepare_callbacks\checkpoint_dir]
[2023-07-13 23:21:07,544: INFO: common: created directory at: artifacts\prepare_callbacks\tensorboard_log_dir]
[2023-07-13 23:21:07,547: INFO: common: created directory at: artifacts\training]
[2023-07-13 23:58:08,410: INFO: main: >>>>> Stage | Data Ingestion Stage | Started]
[2023-07-13 23:58:08,414: INFO: common: yaml file: config\config.yaml loaded successfully]
[2023-07-13 23:58:08,416: INFO: common: yaml file: params.yaml loaded successfully]
[2023-07-13 23:58:08,416: INFO: common: created directory at: artifacts]
[2023-07-13 23:58:08,417: INFO: common: created directory at: artifacts/data_ingestion]
[2023-07-13 23:58:09,534: INFO: data_ingestion: artifacts/data_ingestion/data.zip download! with following info: 
Connection: close
Content-Length: 9981725
Cache-Control: max-age=300
Content-Security-Policy: default-src 'none'; style-src 'unsafe-inline'; sandbox
Content-Type: application/zip
ETag: "72361a350a3e5da3cdf4a0eabf16e4df71a0b45e556f36967e64c9c82e66624c"
Strict-Transport-Security: max-age=31536000
X-Content-Type-Options: nosniff
X-Frame-Options: deny
X-XSS-Protection: 1; mode=block
X-GitHub-Request-Id: CA08:5F27:32EDCA:3498C7:64B068BB
Accept-Ranges: bytes
Date: Thu, 13 Jul 2023 21:58:09 GMT
Via: 1.1 varnish
X-Served-By: cache-ams21040-AMS
X-Cache: HIT
X-Cache-Hits: 0
X-Timer: S1689285489.091881,VS0,VE192
Vary: Authorization,Accept-Encoding,Origin
Access-Control-Allow-Origin: *
Cross-Origin-Resource-Policy: cross-origin
X-Fastly-Request-ID: b597108842ad1f6b635d321c87e1a07fcd6d4c4c
Expires: Thu, 13 Jul 2023 22:03:09 GMT
Source-Age: 0

]
[2023-07-13 23:58:09,672: INFO: main: >>>>> Stage | Data Ingestion Stage | Finished 

 ========================================]
[2023-07-13 23:58:09,673: INFO: main: *******************]
[2023-07-13 23:58:09,673: INFO: main: >>>>>> Stage | Prepare base model | Started <<<<<<]
[2023-07-13 23:58:09,676: INFO: common: yaml file: config\config.yaml loaded successfully]
[2023-07-13 23:58:09,678: INFO: common: yaml file: params.yaml loaded successfully]
[2023-07-13 23:58:09,679: INFO: common: created directory at: artifacts]
[2023-07-13 23:58:09,680: INFO: common: created directory at: artifacts/prepare_base_model]
[2023-07-13 23:58:10,043: WARNING: saving_utils: Compiled the loaded model, but the compiled metrics have yet to be built. `model.compile_metrics` will be empty until you train or evaluate the model.]
[2023-07-13 23:58:10,219: INFO: main: >>>>>> Stage Prepare base model | Finished <<<<<<

x==========x]
[2023-07-13 23:58:10,219: INFO: main: *******************]
[2023-07-13 23:58:10,220: INFO: main: >>>>>> Stage | Training Stage | Started <<<<<<]
[2023-07-13 23:58:10,223: INFO: common: yaml file: config\config.yaml loaded successfully]
[2023-07-13 23:58:10,225: INFO: common: yaml file: params.yaml loaded successfully]
[2023-07-13 23:58:10,225: INFO: common: created directory at: artifacts]
[2023-07-13 23:58:10,227: INFO: common: created directory at: artifacts\prepare_callbacks\checkpoint_dir]
[2023-07-13 23:58:10,227: INFO: common: created directory at: artifacts\prepare_callbacks\tensorboard_log_dir]
[2023-07-13 23:58:10,229: INFO: common: created directory at: artifacts\training]
[2023-07-13 23:58:10,229: ERROR: main: >>>>> Stage | Training Stage | Failed]
Traceback (most recent call last):
  File "main.py", line 36, in <module>
    obj.main()
  File "c:\edu\python\mlops_projects\mlops_cat_disease_detector\src\CNN_Cat_health_classifier\pipeline\stage_03_training.py", line 23, in main
    training.get_base_model()
  File "c:\edu\python\mlops_projects\mlops_cat_disease_detector\src\CNN_Cat_health_classifier\components\training.py", line 12, in get_base_model
    self.config.updated_base_model_path
AttributeError: 'NoneType' object has no attribute 'updated_base_model_path'
[2023-07-14 00:02:18,171: INFO: main: >>>>> Stage | Data Ingestion Stage | Started]
[2023-07-14 00:02:18,175: INFO: common: yaml file: config\config.yaml loaded successfully]
[2023-07-14 00:02:18,177: INFO: common: yaml file: params.yaml loaded successfully]
[2023-07-14 00:02:18,177: INFO: common: created directory at: artifacts]
[2023-07-14 00:02:18,178: INFO: common: created directory at: artifacts/data_ingestion]
[2023-07-14 00:02:18,178: INFO: data_ingestion: File already exists of size: ~ 9748 KB]
[2023-07-14 00:02:18,294: INFO: main: >>>>> Stage | Data Ingestion Stage | Finished 

 ========================================]
[2023-07-14 00:02:18,294: INFO: main: *******************]
[2023-07-14 00:02:18,295: INFO: main: >>>>>> Stage | Prepare base model | Started <<<<<<]
[2023-07-14 00:02:18,298: INFO: common: yaml file: config\config.yaml loaded successfully]
[2023-07-14 00:02:18,300: INFO: common: yaml file: params.yaml loaded successfully]
[2023-07-14 00:02:18,300: INFO: common: created directory at: artifacts]
[2023-07-14 00:02:18,301: INFO: common: created directory at: artifacts/prepare_base_model]
[2023-07-14 00:02:18,662: WARNING: saving_utils: Compiled the loaded model, but the compiled metrics have yet to be built. `model.compile_metrics` will be empty until you train or evaluate the model.]
[2023-07-14 00:02:18,844: INFO: main: >>>>>> Stage Prepare base model | Finished <<<<<<

x==========x]
[2023-07-14 00:02:18,845: INFO: main: *******************]
[2023-07-14 00:02:18,845: INFO: main: >>>>>> Stage | Training Stage | Started <<<<<<]
[2023-07-14 00:02:18,848: INFO: common: yaml file: config\config.yaml loaded successfully]
[2023-07-14 00:02:18,850: INFO: common: yaml file: params.yaml loaded successfully]
[2023-07-14 00:02:18,850: INFO: common: created directory at: artifacts]
[2023-07-14 00:02:18,851: INFO: common: created directory at: artifacts\prepare_callbacks\checkpoint_dir]
[2023-07-14 00:02:18,851: INFO: common: created directory at: artifacts\prepare_callbacks\tensorboard_log_dir]
[2023-07-14 00:02:18,853: INFO: common: created directory at: artifacts\training]
[2023-07-14 00:02:18,853: ERROR: main: >>>>> Stage | Training Stage | Failed]
Traceback (most recent call last):
  File "main.py", line 36, in <module>
    model_trainer.main()
  File "c:\edu\python\mlops_projects\mlops_cat_disease_detector\src\CNN_Cat_health_classifier\pipeline\stage_03_training.py", line 23, in main
    training.get_base_model()
  File "c:\edu\python\mlops_projects\mlops_cat_disease_detector\src\CNN_Cat_health_classifier\components\training.py", line 12, in get_base_model
    self.config.updated_base_model_path
AttributeError: 'NoneType' object has no attribute 'updated_base_model_path'
[2023-07-14 00:05:20,161: INFO: main: >>>>> Stage | Data Ingestion Stage | Started]
[2023-07-14 00:05:20,165: INFO: common: yaml file: config\config.yaml loaded successfully]
[2023-07-14 00:05:20,166: INFO: common: yaml file: params.yaml loaded successfully]
[2023-07-14 00:05:20,167: INFO: common: created directory at: artifacts]
[2023-07-14 00:05:20,167: INFO: common: created directory at: artifacts/data_ingestion]
[2023-07-14 00:05:20,168: INFO: data_ingestion: File already exists of size: ~ 9748 KB]
[2023-07-14 00:05:20,282: INFO: main: >>>>> Stage | Data Ingestion Stage | Finished 

 ========================================]
[2023-07-14 00:05:20,282: INFO: main: *******************]
[2023-07-14 00:05:20,283: INFO: main: >>>>>> Stage | Prepare base model | Started <<<<<<]
[2023-07-14 00:05:20,286: INFO: common: yaml file: config\config.yaml loaded successfully]
[2023-07-14 00:05:20,288: INFO: common: yaml file: params.yaml loaded successfully]
[2023-07-14 00:05:20,289: INFO: common: created directory at: artifacts]
[2023-07-14 00:05:20,289: INFO: common: created directory at: artifacts/prepare_base_model]
[2023-07-14 00:05:20,658: WARNING: saving_utils: Compiled the loaded model, but the compiled metrics have yet to be built. `model.compile_metrics` will be empty until you train or evaluate the model.]
[2023-07-14 00:05:20,840: INFO: main: >>>>>> Stage Prepare base model | Finished <<<<<<

x==========x]
[2023-07-14 00:05:20,840: INFO: main: *******************]
[2023-07-14 00:05:20,841: INFO: main: >>>>>> Stage | Training Stage | Started <<<<<<]
[2023-07-14 00:05:20,844: INFO: common: yaml file: config\config.yaml loaded successfully]
[2023-07-14 00:05:20,846: INFO: common: yaml file: params.yaml loaded successfully]
[2023-07-14 00:05:20,846: INFO: common: created directory at: artifacts]
[2023-07-14 00:05:20,847: INFO: common: created directory at: artifacts\prepare_callbacks\checkpoint_dir]
[2023-07-14 00:05:20,847: INFO: common: created directory at: artifacts\prepare_callbacks\tensorboard_log_dir]
[2023-07-14 00:05:20,848: INFO: common: created directory at: artifacts\training]
[2023-07-14 00:05:20,849: ERROR: main: >>>>> Stage | Training Stage | Failed]
Traceback (most recent call last):
  File "main.py", line 36, in <module>
    model_trainer.main()
  File "c:\edu\python\mlops_projects\mlops_cat_disease_detector\src\CNN_Cat_health_classifier\pipeline\stage_03_training.py", line 23, in main
    training.get_base_model()
  File "c:\edu\python\mlops_projects\mlops_cat_disease_detector\src\CNN_Cat_health_classifier\components\training.py", line 12, in get_base_model
    raise ValueError("Invalid configuration: updated_base_model_path is not set")
ValueError: Invalid configuration: updated_base_model_path is not set
[2023-07-14 00:09:06,539: INFO: main: >>>>> Stage | Data Ingestion Stage | Started]
[2023-07-14 00:09:06,543: INFO: common: yaml file: config\config.yaml loaded successfully]
[2023-07-14 00:09:06,545: INFO: common: yaml file: params.yaml loaded successfully]
[2023-07-14 00:09:06,546: INFO: common: created directory at: artifacts]
[2023-07-14 00:09:06,547: INFO: common: created directory at: artifacts/data_ingestion]
[2023-07-14 00:09:08,776: INFO: data_ingestion: artifacts/data_ingestion/data.zip download! with following info: 
Connection: close
Content-Length: 9981725
Cache-Control: max-age=300
Content-Security-Policy: default-src 'none'; style-src 'unsafe-inline'; sandbox
Content-Type: application/zip
ETag: "72361a350a3e5da3cdf4a0eabf16e4df71a0b45e556f36967e64c9c82e66624c"
Strict-Transport-Security: max-age=31536000
X-Content-Type-Options: nosniff
X-Frame-Options: deny
X-XSS-Protection: 1; mode=block
X-GitHub-Request-Id: CC5E:816D:1AB7608:1BB20AF:64B07602
Accept-Ranges: bytes
Date: Thu, 13 Jul 2023 22:09:07 GMT
Via: 1.1 varnish
X-Served-By: cache-ams21068-AMS
X-Cache: MISS
X-Cache-Hits: 0
X-Timer: S1689286147.341508,VS0,VE481
Vary: Authorization,Accept-Encoding,Origin
Access-Control-Allow-Origin: *
Cross-Origin-Resource-Policy: cross-origin
X-Fastly-Request-ID: ab66b7521e806beb8aea7ba31bfa074cabdbcb01
Expires: Thu, 13 Jul 2023 22:14:07 GMT
Source-Age: 0

]
[2023-07-14 00:09:08,914: INFO: main: >>>>> Stage | Data Ingestion Stage | Finished 

 ========================================]
[2023-07-14 00:09:08,915: INFO: main: *******************]
[2023-07-14 00:09:08,915: INFO: main: >>>>>> Stage | Prepare base model | Started <<<<<<]
[2023-07-14 00:09:08,918: INFO: common: yaml file: config\config.yaml loaded successfully]
[2023-07-14 00:09:08,920: INFO: common: yaml file: params.yaml loaded successfully]
[2023-07-14 00:09:08,921: INFO: common: created directory at: artifacts]
[2023-07-14 00:09:08,921: INFO: common: created directory at: artifacts/prepare_base_model]
[2023-07-14 00:09:09,286: WARNING: saving_utils: Compiled the loaded model, but the compiled metrics have yet to be built. `model.compile_metrics` will be empty until you train or evaluate the model.]
[2023-07-14 00:09:09,469: INFO: main: >>>>>> Stage Prepare base model | Finished <<<<<<

x==========x]
[2023-07-14 00:09:09,469: INFO: main: *******************]
[2023-07-14 00:09:09,470: INFO: main: >>>>>> Stage | Training Stage | Started <<<<<<]
[2023-07-14 00:09:09,473: INFO: common: yaml file: config\config.yaml loaded successfully]
[2023-07-14 00:09:09,475: INFO: common: yaml file: params.yaml loaded successfully]
[2023-07-14 00:09:09,475: INFO: common: created directory at: artifacts]
[2023-07-14 00:09:09,477: INFO: common: created directory at: artifacts\prepare_callbacks\checkpoint_dir]
[2023-07-14 00:09:09,478: INFO: common: created directory at: artifacts\prepare_callbacks\tensorboard_log_dir]
[2023-07-14 00:09:09,479: INFO: common: created directory at: artifacts\training]
[2023-07-14 00:09:09,480: ERROR: main: >>>>> Stage | Training Stage | Failed]
Traceback (most recent call last):
  File "main.py", line 36, in <module>
    model_trainer.main()
  File "c:\edu\python\mlops_projects\mlops_cat_disease_detector\src\CNN_Cat_health_classifier\pipeline\stage_03_training.py", line 23, in main
    training.get_base_model()
  File "c:\edu\python\mlops_projects\mlops_cat_disease_detector\src\CNN_Cat_health_classifier\components\training.py", line 13, in get_base_model
    self.config.updated_base_model_path
AttributeError: 'NoneType' object has no attribute 'updated_base_model_path'
[2023-07-14 00:10:32,057: INFO: main: >>>>> Stage | Data Ingestion Stage | Started]
[2023-07-14 00:10:32,061: INFO: common: yaml file: config\config.yaml loaded successfully]
[2023-07-14 00:10:32,063: INFO: common: yaml file: params.yaml loaded successfully]
[2023-07-14 00:10:32,063: INFO: common: created directory at: artifacts]
[2023-07-14 00:10:32,064: INFO: common: created directory at: artifacts/data_ingestion]
[2023-07-14 00:10:33,903: INFO: data_ingestion: artifacts/data_ingestion/data.zip download! with following info: 
Connection: close
Content-Length: 9981725
Cache-Control: max-age=300
Content-Security-Policy: default-src 'none'; style-src 'unsafe-inline'; sandbox
Content-Type: application/zip
ETag: "72361a350a3e5da3cdf4a0eabf16e4df71a0b45e556f36967e64c9c82e66624c"
Strict-Transport-Security: max-age=31536000
X-Content-Type-Options: nosniff
X-Frame-Options: deny
X-XSS-Protection: 1; mode=block
X-GitHub-Request-Id: CC5E:816D:1AB7608:1BB20AF:64B07602
Accept-Ranges: bytes
Date: Thu, 13 Jul 2023 22:10:32 GMT
Via: 1.1 varnish
X-Served-By: cache-ams21025-AMS
X-Cache: HIT
X-Cache-Hits: 0
X-Timer: S1689286233.931697,VS0,VE1
Vary: Authorization,Accept-Encoding,Origin
Access-Control-Allow-Origin: *
Cross-Origin-Resource-Policy: cross-origin
X-Fastly-Request-ID: 047e38bca7fc72a51e25c07da319b0ac8b539acf
Expires: Thu, 13 Jul 2023 22:15:32 GMT
Source-Age: 85

]
[2023-07-14 00:10:34,042: INFO: main: >>>>> Stage | Data Ingestion Stage | Finished 

 ========================================]
[2023-07-14 00:10:34,042: INFO: main: *******************]
[2023-07-14 00:10:34,043: INFO: main: >>>>>> Stage | Prepare base model | Started <<<<<<]
[2023-07-14 00:10:34,046: INFO: common: yaml file: config\config.yaml loaded successfully]
[2023-07-14 00:10:34,048: INFO: common: yaml file: params.yaml loaded successfully]
[2023-07-14 00:10:34,049: INFO: common: created directory at: artifacts]
[2023-07-14 00:10:34,049: INFO: common: created directory at: artifacts/prepare_base_model]
[2023-07-14 00:10:34,421: WARNING: saving_utils: Compiled the loaded model, but the compiled metrics have yet to be built. `model.compile_metrics` will be empty until you train or evaluate the model.]
[2023-07-14 00:10:34,615: INFO: main: >>>>>> Stage Prepare base model | Finished <<<<<<

x==========x]
[2023-07-14 00:10:34,616: INFO: main: *******************]
[2023-07-14 00:10:34,616: INFO: main: >>>>>> Stage | Training Stage | Started <<<<<<]
[2023-07-14 00:10:34,619: INFO: common: yaml file: config\config.yaml loaded successfully]
[2023-07-14 00:10:34,621: INFO: common: yaml file: params.yaml loaded successfully]
[2023-07-14 00:10:34,622: INFO: common: created directory at: artifacts]
[2023-07-14 00:10:34,623: INFO: common: created directory at: artifacts\prepare_callbacks\checkpoint_dir]
[2023-07-14 00:10:34,624: INFO: common: created directory at: artifacts\prepare_callbacks\tensorboard_log_dir]
[2023-07-14 00:10:34,626: INFO: common: created directory at: artifacts\training]
[2023-07-14 00:10:34,626: ERROR: main: >>>>> Stage | Training Stage | Failed]
Traceback (most recent call last):
  File "main.py", line 36, in <module>
    model_trainer.main()
  File "c:\edu\python\mlops_projects\mlops_cat_disease_detector\src\CNN_Cat_health_classifier\pipeline\stage_03_training.py", line 23, in main
    training.get_base_model()
  File "c:\edu\python\mlops_projects\mlops_cat_disease_detector\src\CNN_Cat_health_classifier\components\training.py", line 13, in get_base_model
    raise ValueError("Invalid configuration: updated_base_model_path is not set")
ValueError: Invalid configuration: updated_base_model_path is not set
[2023-07-15 23:48:29,633: INFO: main: >>>>> Stage | Data Ingestion Stage | Started]
[2023-07-15 23:48:29,637: INFO: common: yaml file: config\config.yaml loaded successfully]
[2023-07-15 23:48:29,639: INFO: common: yaml file: params.yaml loaded successfully]
[2023-07-15 23:48:29,640: INFO: common: created directory at: artifacts]
[2023-07-15 23:48:29,641: INFO: common: created directory at: artifacts/data_ingestion]
[2023-07-15 23:48:32,227: INFO: data_ingestion: artifacts/data_ingestion/data.zip download! with following info: 
Connection: close
Content-Length: 9981725
Cache-Control: max-age=300
Content-Security-Policy: default-src 'none'; style-src 'unsafe-inline'; sandbox
Content-Type: application/zip
ETag: "72361a350a3e5da3cdf4a0eabf16e4df71a0b45e556f36967e64c9c82e66624c"
Strict-Transport-Security: max-age=31536000
X-Content-Type-Options: nosniff
X-Frame-Options: deny
X-XSS-Protection: 1; mode=block
X-GitHub-Request-Id: 25CE:DE27:32902D1:349300A:64B31433
Accept-Ranges: bytes
Date: Sat, 15 Jul 2023 21:48:36 GMT
Via: 1.1 varnish
X-Served-By: cache-ams21024-AMS
X-Cache: MISS
X-Cache-Hits: 0
X-Timer: S1689457716.153669,VS0,VE587
Vary: Authorization,Accept-Encoding,Origin
Access-Control-Allow-Origin: *
Cross-Origin-Resource-Policy: cross-origin
X-Fastly-Request-ID: e1238529e354296e27c5120c08a127f1d9df2241
Expires: Sat, 15 Jul 2023 21:53:36 GMT
Source-Age: 0

]
[2023-07-15 23:48:32,354: INFO: main: >>>>> Stage | Data Ingestion Stage | Finished 

 ========================================]
[2023-07-15 23:48:32,354: INFO: main: *******************]
[2023-07-15 23:48:32,355: INFO: main: >>>>>> Stage | Prepare base model | Started <<<<<<]
[2023-07-15 23:48:32,358: INFO: common: yaml file: config\config.yaml loaded successfully]
[2023-07-15 23:48:32,360: INFO: common: yaml file: params.yaml loaded successfully]
[2023-07-15 23:48:32,361: INFO: common: created directory at: artifacts]
[2023-07-15 23:48:32,362: INFO: common: created directory at: artifacts/prepare_base_model]
[2023-07-15 23:48:32,803: WARNING: saving_utils: Compiled the loaded model, but the compiled metrics have yet to be built. `model.compile_metrics` will be empty until you train or evaluate the model.]
[2023-07-15 23:48:32,977: INFO: main: >>>>>> Stage Prepare base model | Finished <<<<<<

x==========x]
[2023-07-15 23:48:32,978: INFO: main: *******************]
[2023-07-15 23:48:32,978: INFO: main: >>>>>> Stage | Training Stage | Started <<<<<<]
[2023-07-15 23:48:32,981: INFO: common: yaml file: config\config.yaml loaded successfully]
[2023-07-15 23:48:32,984: INFO: common: yaml file: params.yaml loaded successfully]
[2023-07-15 23:48:32,984: INFO: common: created directory at: artifacts]
[2023-07-15 23:48:32,986: INFO: common: created directory at: artifacts\prepare_callbacks\checkpoint_dir]
[2023-07-15 23:48:32,987: INFO: common: created directory at: artifacts\prepare_callbacks\tensorboard_log_dir]
[2023-07-15 23:48:32,989: INFO: common: created directory at: artifacts\training]
[2023-07-15 23:48:32,990: ERROR: main: >>>>> Stage | Training Stage | Failed]
Traceback (most recent call last):
  File "main.py", line 36, in <module>
    model_trainer.main()
  File "c:\edu\python\mlops_projects\mlops_cat_disease_detector\src\CNN_Cat_health_classifier\pipeline\stage_03_training.py", line 23, in main
    training.get_base_model()
  File "c:\edu\python\mlops_projects\mlops_cat_disease_detector\src\CNN_Cat_health_classifier\components\training.py", line 15, in get_base_model
    self.config.updated_base_model_path
AttributeError: 'NoneType' object has no attribute 'updated_base_model_path'
[2023-07-15 23:52:32,519: INFO: main: >>>>> Stage | Data Ingestion Stage | Started]
[2023-07-15 23:52:32,533: INFO: common: yaml file: config\config.yaml loaded successfully]
[2023-07-15 23:52:32,534: INFO: common: yaml file: params.yaml loaded successfully]
[2023-07-15 23:52:32,535: INFO: common: created directory at: artifacts]
[2023-07-15 23:52:32,536: INFO: common: created directory at: artifacts/data_ingestion]
[2023-07-15 23:52:34,415: INFO: data_ingestion: artifacts/data_ingestion/data.zip download! with following info: 
Connection: close
Content-Length: 9981725
Cache-Control: max-age=300
Content-Security-Policy: default-src 'none'; style-src 'unsafe-inline'; sandbox
Content-Type: application/zip
ETag: "72361a350a3e5da3cdf4a0eabf16e4df71a0b45e556f36967e64c9c82e66624c"
Strict-Transport-Security: max-age=31536000
X-Content-Type-Options: nosniff
X-Frame-Options: deny
X-XSS-Protection: 1; mode=block
X-GitHub-Request-Id: 25CE:DE27:32902D1:349300A:64B31433
Accept-Ranges: bytes
Date: Sat, 15 Jul 2023 21:52:39 GMT
Via: 1.1 varnish
X-Served-By: cache-ams21033-AMS
X-Cache: HIT
X-Cache-Hits: 0
X-Timer: S1689457959.055881,VS0,VE1
Vary: Authorization,Accept-Encoding,Origin
Access-Control-Allow-Origin: *
Cross-Origin-Resource-Policy: cross-origin
X-Fastly-Request-ID: 70c764e0a52b2c42a009e2fe9a5b97e9a12de626
Expires: Sat, 15 Jul 2023 21:57:39 GMT
Source-Age: 243

]
[2023-07-15 23:52:34,532: INFO: main: >>>>> Stage | Data Ingestion Stage | Finished 

 ========================================]
[2023-07-15 23:52:34,532: INFO: main: *******************]
[2023-07-15 23:52:34,532: INFO: main: >>>>>> Stage | Prepare base model | Started <<<<<<]
[2023-07-15 23:52:34,544: INFO: common: yaml file: config\config.yaml loaded successfully]
[2023-07-15 23:52:34,546: INFO: common: yaml file: params.yaml loaded successfully]
[2023-07-15 23:52:34,546: INFO: common: created directory at: artifacts]
[2023-07-15 23:52:34,547: INFO: common: created directory at: artifacts/prepare_base_model]
[2023-07-15 23:52:34,884: WARNING: saving_utils: Compiled the loaded model, but the compiled metrics have yet to be built. `model.compile_metrics` will be empty until you train or evaluate the model.]
[2023-07-15 23:52:35,070: INFO: main: >>>>>> Stage Prepare base model | Finished <<<<<<

x==========x]
[2023-07-15 23:52:35,071: INFO: main: *******************]
[2023-07-15 23:52:35,071: INFO: main: >>>>>> Stage | Training Stage | Started <<<<<<]
[2023-07-15 23:52:35,075: INFO: common: yaml file: config\config.yaml loaded successfully]
[2023-07-15 23:52:35,077: INFO: common: yaml file: params.yaml loaded successfully]
[2023-07-15 23:52:35,077: INFO: common: created directory at: artifacts]
[2023-07-15 23:52:35,079: INFO: common: created directory at: artifacts\prepare_callbacks\checkpoint_dir]
[2023-07-15 23:52:35,079: INFO: common: created directory at: artifacts\prepare_callbacks\tensorboard_log_dir]
[2023-07-15 23:52:35,081: INFO: common: created directory at: artifacts\training]
[2023-07-15 23:52:35,081: ERROR: main: >>>>> Stage | Training Stage | Failed]
Traceback (most recent call last):
  File "main.py", line 36, in <module>
    model_trainer.main()
  File "c:\edu\python\mlops_projects\mlops_cat_disease_detector\src\CNN_Cat_health_classifier\pipeline\stage_03_training.py", line 23, in main
    training.get_base_model()
  File "c:\edu\python\mlops_projects\mlops_cat_disease_detector\src\CNN_Cat_health_classifier\components\training.py", line 13, in get_base_model
    raise ValueError("Invalid configuration: updated_base_model_path is not set")
ValueError: Invalid configuration: updated_base_model_path is not set
[2023-07-15 23:59:08,592: INFO: main: >>>>> Stage | Data Ingestion Stage | Started]
[2023-07-15 23:59:08,596: INFO: common: yaml file: config\config.yaml loaded successfully]
[2023-07-15 23:59:08,597: INFO: common: yaml file: params.yaml loaded successfully]
[2023-07-15 23:59:08,598: INFO: common: created directory at: artifacts]
[2023-07-15 23:59:08,599: INFO: common: created directory at: artifacts/data_ingestion]
[2023-07-15 23:59:09,667: INFO: data_ingestion: artifacts/data_ingestion/data.zip download! with following info: 
Connection: close
Content-Length: 9981725
Cache-Control: max-age=300
Content-Security-Policy: default-src 'none'; style-src 'unsafe-inline'; sandbox
Content-Type: application/zip
ETag: "72361a350a3e5da3cdf4a0eabf16e4df71a0b45e556f36967e64c9c82e66624c"
Strict-Transport-Security: max-age=31536000
X-Content-Type-Options: nosniff
X-Frame-Options: deny
X-XSS-Protection: 1; mode=block
X-GitHub-Request-Id: 25CE:DE27:32902D1:349300A:64B31433
Accept-Ranges: bytes
Date: Sat, 15 Jul 2023 21:59:15 GMT
Via: 1.1 varnish
X-Served-By: cache-ams21041-AMS
X-Cache: HIT
X-Cache-Hits: 0
X-Timer: S1689458355.103830,VS0,VE169
Vary: Authorization,Accept-Encoding,Origin
Access-Control-Allow-Origin: *
Cross-Origin-Resource-Policy: cross-origin
X-Fastly-Request-ID: ae9adc9f3f033c031ef00daa3ad53dc2e3a12d02
Expires: Sat, 15 Jul 2023 22:04:15 GMT
Source-Age: 0

]
[2023-07-15 23:59:09,794: INFO: main: >>>>> Stage | Data Ingestion Stage | Finished 

 ========================================]
[2023-07-15 23:59:09,795: INFO: main: *******************]
[2023-07-15 23:59:09,795: INFO: main: >>>>>> Stage | Prepare base model | Started <<<<<<]
[2023-07-15 23:59:09,799: INFO: common: yaml file: config\config.yaml loaded successfully]
[2023-07-15 23:59:09,800: INFO: common: yaml file: params.yaml loaded successfully]
[2023-07-15 23:59:09,801: INFO: common: created directory at: artifacts]
[2023-07-15 23:59:09,802: INFO: common: created directory at: artifacts/prepare_base_model]
[2023-07-15 23:59:10,156: WARNING: saving_utils: Compiled the loaded model, but the compiled metrics have yet to be built. `model.compile_metrics` will be empty until you train or evaluate the model.]
[2023-07-15 23:59:10,324: INFO: main: >>>>>> Stage Prepare base model | Finished <<<<<<

x==========x]
[2023-07-15 23:59:10,325: INFO: main: *******************]
[2023-07-15 23:59:10,326: INFO: main: >>>>>> Stage | Training Stage | Started <<<<<<]
[2023-07-15 23:59:10,329: INFO: common: yaml file: config\config.yaml loaded successfully]
[2023-07-15 23:59:10,331: INFO: common: yaml file: params.yaml loaded successfully]
[2023-07-15 23:59:10,332: INFO: common: created directory at: artifacts]
[2023-07-15 23:59:10,333: INFO: common: created directory at: artifacts\prepare_callbacks\checkpoint_dir]
[2023-07-15 23:59:10,334: INFO: common: created directory at: artifacts\prepare_callbacks\tensorboard_log_dir]
[2023-07-15 23:59:10,335: INFO: common: created directory at: artifacts\training]
[2023-07-15 23:59:28,289: INFO: main: >>>>>> Stage | Training Stage | Finished <<<<<<

x==========x]
[2023-07-16 18:19:43,206: INFO: common: yaml file: config\config.yaml loaded successfully]
[2023-07-16 18:19:43,219: INFO: common: yaml file: params.yaml loaded successfully]
[2023-07-16 18:19:43,220: INFO: common: created directory at: artifacts]
[2023-07-16 18:20:54,849: INFO: common: yaml file: config\config.yaml loaded successfully]
[2023-07-16 18:20:54,852: INFO: common: yaml file: params.yaml loaded successfully]
[2023-07-16 18:20:54,853: INFO: common: created directory at: artifacts]
[2023-07-16 18:20:56,839: INFO: common: json file saved at: scores.json]
[2023-07-16 18:37:10,507: INFO: main: >>>>> Stage | Data Ingestion Stage | Started]
[2023-07-16 18:37:10,510: INFO: common: yaml file: config\config.yaml loaded successfully]
[2023-07-16 18:37:10,512: INFO: common: yaml file: params.yaml loaded successfully]
[2023-07-16 18:37:10,513: INFO: common: created directory at: artifacts]
[2023-07-16 18:37:10,514: INFO: common: created directory at: artifacts/data_ingestion]
[2023-07-16 18:37:12,959: INFO: data_ingestion: artifacts/data_ingestion/data.zip download! with following info: 
Connection: close
Content-Length: 9981725
Cache-Control: max-age=300
Content-Security-Policy: default-src 'none'; style-src 'unsafe-inline'; sandbox
Content-Type: application/zip
ETag: "72361a350a3e5da3cdf4a0eabf16e4df71a0b45e556f36967e64c9c82e66624c"
Strict-Transport-Security: max-age=31536000
X-Content-Type-Options: nosniff
X-Frame-Options: deny
X-XSS-Protection: 1; mode=block
X-GitHub-Request-Id: A2BC:1056A:1824A14:191F90B:64B41CB7
Accept-Ranges: bytes
Date: Sun, 16 Jul 2023 16:37:11 GMT
Via: 1.1 varnish
X-Served-By: cache-ams21069-AMS
X-Cache: MISS
X-Cache-Hits: 0
X-Timer: S1689525431.172458,VS0,VE474
Vary: Authorization,Accept-Encoding,Origin
Access-Control-Allow-Origin: *
Cross-Origin-Resource-Policy: cross-origin
X-Fastly-Request-ID: 9a204728f8214de474511a37abb4c0d54f00fc84
Expires: Sun, 16 Jul 2023 16:42:11 GMT
Source-Age: 0

]
[2023-07-16 18:37:13,090: INFO: main: >>>>> Stage | Data Ingestion Stage | Finished 

 ========================================]
[2023-07-16 18:37:13,091: INFO: main: *******************]
[2023-07-16 18:37:13,091: INFO: main: >>>>>> Stage | Prepare base model | Started <<<<<<]
[2023-07-16 18:37:13,095: INFO: common: yaml file: config\config.yaml loaded successfully]
[2023-07-16 18:37:13,096: INFO: common: yaml file: params.yaml loaded successfully]
[2023-07-16 18:37:13,097: INFO: common: created directory at: artifacts]
[2023-07-16 18:37:13,098: INFO: common: created directory at: artifacts/prepare_base_model]
[2023-07-16 18:37:13,490: WARNING: saving_utils: Compiled the loaded model, but the compiled metrics have yet to be built. `model.compile_metrics` will be empty until you train or evaluate the model.]
[2023-07-16 18:37:13,671: INFO: main: >>>>>> Stage Prepare base model | Finished <<<<<<

x==========x]
[2023-07-16 18:37:13,671: INFO: main: *******************]
[2023-07-16 18:37:13,672: INFO: main: >>>>>> Stage | Training Stage | Started <<<<<<]
[2023-07-16 18:37:13,675: INFO: common: yaml file: config\config.yaml loaded successfully]
[2023-07-16 18:37:13,677: INFO: common: yaml file: params.yaml loaded successfully]
[2023-07-16 18:37:13,677: INFO: common: created directory at: artifacts]
[2023-07-16 18:37:13,679: INFO: common: created directory at: artifacts\prepare_callbacks\checkpoint_dir]
[2023-07-16 18:37:13,679: INFO: common: created directory at: artifacts\prepare_callbacks\tensorboard_log_dir]
[2023-07-16 18:37:13,682: INFO: common: created directory at: artifacts\training]
[2023-07-16 18:37:31,112: INFO: main: >>>>>> Stage | Training Stage | Finished <<<<<<

x==========x]
[2023-07-16 18:37:31,113: INFO: main: *******************]
[2023-07-16 18:37:31,113: INFO: main: >>>>>> Stage | Evaluation stage | Started <<<<<<]
[2023-07-16 18:37:31,116: INFO: common: yaml file: config\config.yaml loaded successfully]
[2023-07-16 18:37:31,118: INFO: common: yaml file: params.yaml loaded successfully]
[2023-07-16 18:37:31,119: INFO: common: created directory at: artifacts]
[2023-07-16 18:37:31,402: ERROR: main: >>>>> Stage | Evaluation stage | Failed]
Traceback (most recent call last):
  File "main.py", line 49, in <module>
    model_evalution.main()
  File "c:\edu\python\mlops_projects\mlops_cat_disease_detector\src\CNN_Cat_health_classifier\pipeline\stage_04_evaluation.py", line 18, in main
    evaluation.evaluation()
  File "c:\edu\python\mlops_projects\mlops_cat_disease_detector\src\CNN_Cat_health_classifier\components\evaluation.py", line 46, in evaluation
    self.score = model.evaluate(self.valid_generator)
NameError: name 'model' is not defined
[2023-07-16 18:41:50,322: INFO: main: >>>>> Stage | Data Ingestion Stage | Started]
[2023-07-16 18:41:50,337: INFO: common: yaml file: config\config.yaml loaded successfully]
[2023-07-16 18:41:50,339: INFO: common: yaml file: params.yaml loaded successfully]
[2023-07-16 18:41:50,340: INFO: common: created directory at: artifacts]
[2023-07-16 18:41:50,341: INFO: common: created directory at: artifacts/data_ingestion]
[2023-07-16 18:41:51,320: INFO: data_ingestion: artifacts/data_ingestion/data.zip download! with following info: 
Connection: close
Content-Length: 9981725
Cache-Control: max-age=300
Content-Security-Policy: default-src 'none'; style-src 'unsafe-inline'; sandbox
Content-Type: application/zip
ETag: "72361a350a3e5da3cdf4a0eabf16e4df71a0b45e556f36967e64c9c82e66624c"
Strict-Transport-Security: max-age=31536000
X-Content-Type-Options: nosniff
X-Frame-Options: deny
X-XSS-Protection: 1; mode=block
X-GitHub-Request-Id: A2BC:1056A:1824A14:191F90B:64B41CB7
Accept-Ranges: bytes
Date: Sun, 16 Jul 2023 16:41:50 GMT
Via: 1.1 varnish
X-Served-By: cache-ams21053-AMS
X-Cache: HIT
X-Cache-Hits: 0
X-Timer: S1689525711.983321,VS0,VE1
Vary: Authorization,Accept-Encoding,Origin
Access-Control-Allow-Origin: *
Cross-Origin-Resource-Policy: cross-origin
X-Fastly-Request-ID: ba36276d99c3524993af783f180914ad95b18085
Expires: Sun, 16 Jul 2023 16:46:50 GMT
Source-Age: 280

]
[2023-07-16 18:41:51,439: INFO: main: >>>>> Stage | Data Ingestion Stage | Finished 

 ========================================]
[2023-07-16 18:41:51,439: INFO: main: *******************]
[2023-07-16 18:41:51,439: INFO: main: >>>>>> Stage | Prepare base model | Started <<<<<<]
[2023-07-16 18:41:51,453: INFO: common: yaml file: config\config.yaml loaded successfully]
[2023-07-16 18:41:51,455: INFO: common: yaml file: params.yaml loaded successfully]
[2023-07-16 18:41:51,455: INFO: common: created directory at: artifacts]
[2023-07-16 18:41:51,456: INFO: common: created directory at: artifacts/prepare_base_model]
[2023-07-16 18:41:51,792: WARNING: saving_utils: Compiled the loaded model, but the compiled metrics have yet to be built. `model.compile_metrics` will be empty until you train or evaluate the model.]
[2023-07-16 18:41:51,966: INFO: main: >>>>>> Stage Prepare base model | Finished <<<<<<

x==========x]
[2023-07-16 18:41:51,967: INFO: main: *******************]
[2023-07-16 18:41:51,967: INFO: main: >>>>>> Stage | Training Stage | Started <<<<<<]
[2023-07-16 18:41:51,970: INFO: common: yaml file: config\config.yaml loaded successfully]
[2023-07-16 18:41:51,973: INFO: common: yaml file: params.yaml loaded successfully]
[2023-07-16 18:41:51,973: INFO: common: created directory at: artifacts]
[2023-07-16 18:41:51,974: INFO: common: created directory at: artifacts\prepare_callbacks\checkpoint_dir]
[2023-07-16 18:41:51,975: INFO: common: created directory at: artifacts\prepare_callbacks\tensorboard_log_dir]
[2023-07-16 18:41:51,977: INFO: common: created directory at: artifacts\training]
[2023-07-16 18:42:10,906: INFO: main: >>>>>> Stage | Training Stage | Finished <<<<<<

x==========x]
[2023-07-16 18:42:10,906: INFO: main: *******************]
[2023-07-16 18:42:10,907: INFO: main: >>>>>> Stage | Evaluation stage | Started <<<<<<]
[2023-07-16 18:42:10,910: INFO: common: yaml file: config\config.yaml loaded successfully]
[2023-07-16 18:42:10,912: INFO: common: yaml file: params.yaml loaded successfully]
[2023-07-16 18:42:10,912: INFO: common: created directory at: artifacts]
[2023-07-16 18:42:12,838: INFO: common: json file saved at: scores.json]
[2023-07-16 18:42:12,839: INFO: main: >>>>>> Stage Evaluation stage Completed <<<<<<

x==========x]
[2023-07-16 20:57:59,181: INFO: stage_01_data_ingestion: >>>>> Stage | Data Ingestion Stage | Started]
[2023-07-16 20:57:59,185: INFO: common: yaml file: config\config.yaml loaded successfully]
[2023-07-16 20:57:59,187: INFO: common: yaml file: params.yaml loaded successfully]
[2023-07-16 20:57:59,188: INFO: common: created directory at: artifacts]
[2023-07-16 20:57:59,189: INFO: common: created directory at: artifacts/data_ingestion]
[2023-07-16 20:58:01,997: INFO: data_ingestion: artifacts/data_ingestion/data.zip download! with following info: 
Connection: close
Content-Length: 9981725
Cache-Control: max-age=300
Content-Security-Policy: default-src 'none'; style-src 'unsafe-inline'; sandbox
Content-Type: application/zip
ETag: "72361a350a3e5da3cdf4a0eabf16e4df71a0b45e556f36967e64c9c82e66624c"
Strict-Transport-Security: max-age=31536000
X-Content-Type-Options: nosniff
X-Frame-Options: deny
X-XSS-Protection: 1; mode=block
X-GitHub-Request-Id: B8C8:1056A:194C894:1A519B4:64B43DB7
Accept-Ranges: bytes
Date: Sun, 16 Jul 2023 18:58:00 GMT
Via: 1.1 varnish
X-Served-By: cache-ams21061-AMS
X-Cache: MISS
X-Cache-Hits: 0
X-Timer: S1689533880.027329,VS0,VE684
Vary: Authorization,Accept-Encoding,Origin
Access-Control-Allow-Origin: *
Cross-Origin-Resource-Policy: cross-origin
X-Fastly-Request-ID: 477d2c9868289ed9ca16e9a133f7cfaaca1d9877
Expires: Sun, 16 Jul 2023 19:03:00 GMT
Source-Age: 0

]
[2023-07-16 20:58:02,133: INFO: stage_01_data_ingestion: >>>>> Stage | Data Ingestion Stage | Finished 

 ========================================]
[2023-07-16 20:58:07,608: INFO: stage_02_prepare_base_model: *******************]
[2023-07-16 20:58:07,608: INFO: stage_02_prepare_base_model: >>>>>> Stage | Prepare Base Model Stage | Started <<<<<<]
[2023-07-16 20:58:07,612: INFO: common: yaml file: config\config.yaml loaded successfully]
[2023-07-16 20:58:07,613: INFO: common: yaml file: params.yaml loaded successfully]
[2023-07-16 20:58:07,614: INFO: common: created directory at: artifacts]
[2023-07-16 20:58:07,615: INFO: common: created directory at: artifacts/prepare_base_model]
[2023-07-16 20:58:07,992: WARNING: saving_utils: Compiled the loaded model, but the compiled metrics have yet to be built. `model.compile_metrics` will be empty until you train or evaluate the model.]
[2023-07-16 20:58:08,175: INFO: stage_02_prepare_base_model: >>>>>> Stage | Prepare Base Model Stage | Finished <<<<<<

x==========x]
[2023-07-16 20:58:13,368: INFO: stage_03_training: *******************]
[2023-07-16 20:58:13,369: INFO: stage_03_training: >>>>>> Stage | Training Stage | Started <<<<<<]
[2023-07-16 20:58:13,372: INFO: common: yaml file: config\config.yaml loaded successfully]
[2023-07-16 20:58:13,374: INFO: common: yaml file: params.yaml loaded successfully]
[2023-07-16 20:58:13,375: INFO: common: created directory at: artifacts]
[2023-07-16 20:58:13,376: INFO: common: created directory at: artifacts\prepare_callbacks\checkpoint_dir]
[2023-07-16 20:58:13,377: INFO: common: created directory at: artifacts\prepare_callbacks\tensorboard_log_dir]
[2023-07-16 20:58:13,379: INFO: common: created directory at: artifacts\training]
[2023-07-16 20:58:32,429: INFO: stage_03_training: >>>>>> Stage | Training Stage | Finished <<<<<<

x==========x]
[2023-07-16 20:58:37,525: INFO: stage_04_evaluation: *******************]
[2023-07-16 20:58:37,525: INFO: stage_04_evaluation: >>>>>> Stage | Evaluation stage | Started <<<<<<]
[2023-07-16 20:58:37,528: INFO: common: yaml file: config\config.yaml loaded successfully]
[2023-07-16 20:58:37,530: INFO: common: yaml file: params.yaml loaded successfully]
[2023-07-16 20:58:37,531: INFO: common: created directory at: artifacts]
[2023-07-16 20:58:39,372: INFO: common: json file saved at: scores.json]
[2023-07-16 20:58:39,372: INFO: stage_04_evaluation: >>>>>> Stage | Evaluation stage | Finished <<<<<<

x==========x]
[2023-07-16 21:04:47,718: INFO: main: >>>>> Stage | Data Ingestion Stage | Started]
[2023-07-16 21:04:47,722: INFO: common: yaml file: config\config.yaml loaded successfully]
[2023-07-16 21:04:47,723: INFO: common: yaml file: params.yaml loaded successfully]
[2023-07-16 21:04:47,724: INFO: common: created directory at: artifacts]
[2023-07-16 21:04:47,724: INFO: common: created directory at: artifacts/data_ingestion]
[2023-07-16 21:04:47,725: INFO: data_ingestion: File already exists of size: ~ 9748 KB]
[2023-07-16 21:04:47,839: INFO: main: >>>>> Stage | Data Ingestion Stage | Finished 

 ========================================]
[2023-07-16 21:04:47,840: INFO: main: *******************]
[2023-07-16 21:04:47,840: INFO: main: >>>>>> Stage | Prepare base model | Started <<<<<<]
[2023-07-16 21:04:47,843: INFO: common: yaml file: config\config.yaml loaded successfully]
[2023-07-16 21:04:47,845: INFO: common: yaml file: params.yaml loaded successfully]
[2023-07-16 21:04:47,846: INFO: common: created directory at: artifacts]
[2023-07-16 21:04:47,846: INFO: common: created directory at: artifacts/prepare_base_model]
[2023-07-16 21:04:48,202: WARNING: saving_utils: Compiled the loaded model, but the compiled metrics have yet to be built. `model.compile_metrics` will be empty until you train or evaluate the model.]
[2023-07-16 21:04:48,396: INFO: main: >>>>>> Stage Prepare base model | Finished <<<<<<

x==========x]
[2023-07-16 21:04:48,397: INFO: main: *******************]
[2023-07-16 21:04:48,397: INFO: main: >>>>>> Stage | Training Stage | Started <<<<<<]
[2023-07-16 21:04:48,400: INFO: common: yaml file: config\config.yaml loaded successfully]
[2023-07-16 21:04:48,402: INFO: common: yaml file: params.yaml loaded successfully]
[2023-07-16 21:04:48,403: INFO: common: created directory at: artifacts]
[2023-07-16 21:04:48,403: INFO: common: created directory at: artifacts\prepare_callbacks\checkpoint_dir]
[2023-07-16 21:04:48,404: INFO: common: created directory at: artifacts\prepare_callbacks\tensorboard_log_dir]
[2023-07-16 21:04:48,405: INFO: common: created directory at: artifacts\training]
[2023-07-16 21:05:07,764: INFO: main: >>>>>> Stage | Training Stage | Finished <<<<<<

x==========x]
[2023-07-16 21:05:07,765: INFO: main: *******************]
[2023-07-16 21:05:07,765: INFO: main: >>>>>> Stage | Evaluation stage | Started <<<<<<]
[2023-07-16 21:05:07,769: INFO: common: yaml file: config\config.yaml loaded successfully]
[2023-07-16 21:05:07,770: INFO: common: yaml file: params.yaml loaded successfully]
[2023-07-16 21:05:07,771: INFO: common: created directory at: artifacts]
[2023-07-16 21:05:09,510: INFO: common: json file saved at: scores.json]
[2023-07-16 21:05:09,510: INFO: main: >>>>>> Stage Evaluation stage Completed <<<<<<

x==========x]
[2023-07-16 21:32:19,534: INFO: _internal: [31m[1mWARNING: This is a development server. Do not use it in a production deployment. Use a production WSGI server instead.[0m
 * Running on all addresses (0.0.0.0)
 * Running on http://127.0.0.1:8080
 * Running on http://192.168.0.248:8080]
[2023-07-16 21:32:19,535: INFO: _internal: [33mPress CTRL+C to quit[0m]
[2023-07-16 21:32:30,143: INFO: _internal: 192.168.0.248 - - [16/Jul/2023 21:32:30] "GET / HTTP/1.1" 200 -]
[2023-07-16 21:34:40,302: INFO: _internal: 192.168.0.248 - - [16/Jul/2023 21:34:40] "POST /predict HTTP/1.1" 200 -]
[2023-07-16 21:37:16,352: INFO: _internal: 192.168.0.248 - - [16/Jul/2023 21:37:16] "POST /predict HTTP/1.1" 200 -]
[2023-07-16 21:37:20,181: INFO: _internal: 192.168.0.248 - - [16/Jul/2023 21:37:20] "POST /predict HTTP/1.1" 200 -]
[2023-07-16 23:47:44,557: INFO: _internal: [31m[1mWARNING: This is a development server. Do not use it in a production deployment. Use a production WSGI server instead.[0m
 * Running on all addresses (0.0.0.0)
 * Running on http://127.0.0.1:8080
 * Running on http://192.168.0.248:8080]
[2023-07-16 23:47:44,557: INFO: _internal: [33mPress CTRL+C to quit[0m]
[2023-07-16 23:47:48,843: INFO: _internal: 192.168.0.248 - - [16/Jul/2023 23:47:48] "GET / HTTP/1.1" 200 -]
[2023-07-16 23:47:57,013: INFO: _internal: 192.168.0.248 - - [16/Jul/2023 23:47:57] "POST /predict HTTP/1.1" 200 -]
[2023-07-16 23:48:36,899: INFO: _internal: 192.168.0.248 - - [16/Jul/2023 23:48:36] "POST /predict HTTP/1.1" 200 -]
[2023-07-16 23:48:55,312: INFO: _internal: 192.168.0.248 - - [16/Jul/2023 23:48:55] "POST /predict HTTP/1.1" 200 -]
[2023-07-16 23:49:02,178: INFO: _internal: 192.168.0.248 - - [16/Jul/2023 23:49:02] "POST /predict HTTP/1.1" 200 -]
[2023-07-16 23:49:14,277: WARNING: polymorphic_function: 5 out of the last 5 calls to <function Model.make_predict_function.<locals>.predict_function at 0x000001766F8A0280> triggered tf.function retracing. Tracing is expensive and the excessive number of tracings could be due to (1) creating @tf.function repeatedly in a loop, (2) passing tensors with different shapes, (3) passing Python objects instead of tensors. For (1), please define your @tf.function outside of the loop. For (2), @tf.function has reduce_retracing=True option that can avoid unnecessary retracing. For (3), please refer to https://www.tensorflow.org/guide/function#controlling_retracing and https://www.tensorflow.org/api_docs/python/tf/function for  more details.]
[2023-07-16 23:49:14,283: INFO: _internal: 192.168.0.248 - - [16/Jul/2023 23:49:14] "POST /predict HTTP/1.1" 200 -]
