[2023-07-13 19:46:23,456: INFO: common: yaml file: config\config.yaml loaded successfully]
[2023-07-13 19:46:23,466: INFO: common: yaml file: params.yaml loaded successfully]
[2023-07-13 19:46:23,467: INFO: common: created directory at: artifacts]
[2023-07-13 19:46:23,469: INFO: common: created directory at: artifacts\prepare_callbacks\checkpoint_dir]
[2023-07-13 19:46:23,470: INFO: common: created directory at: artifacts\prepare_callbacks\tensorboard_log_dir]
[2023-07-13 19:47:52,196: INFO: common: yaml file: config\config.yaml loaded successfully]
[2023-07-13 19:47:52,199: INFO: common: yaml file: params.yaml loaded successfully]
[2023-07-13 19:47:52,200: INFO: common: created directory at: artifacts]
[2023-07-13 19:47:52,201: INFO: common: created directory at: artifacts\prepare_callbacks\checkpoint_dir]
[2023-07-13 19:47:52,202: INFO: common: created directory at: artifacts\prepare_callbacks\tensorboard_log_dir]
[2023-07-13 19:49:11,850: INFO: common: yaml file: config\config.yaml loaded successfully]
[2023-07-13 19:49:11,853: INFO: common: yaml file: params.yaml loaded successfully]
[2023-07-13 19:49:11,854: INFO: common: created directory at: artifacts]
[2023-07-13 19:49:11,856: INFO: common: created directory at: artifacts\prepare_callbacks\checkpoint_dir]
[2023-07-13 19:49:11,857: INFO: common: created directory at: artifacts\prepare_callbacks\tensorboard_log_dir]
[2023-07-13 19:54:43,170: INFO: common: yaml file: config\config.yaml loaded successfully]
[2023-07-13 19:54:43,173: INFO: common: yaml file: params.yaml loaded successfully]
[2023-07-13 19:54:43,174: INFO: common: created directory at: artifacts]
[2023-07-13 19:54:43,175: INFO: common: created directory at: artifacts\prepare_callbacks\checkpoint_dir]
[2023-07-13 19:54:43,177: INFO: common: created directory at: artifacts\prepare_callbacks\tensorboard_log_dir]
[2023-07-13 19:56:42,968: INFO: common: yaml file: config\config.yaml loaded successfully]
[2023-07-13 19:56:42,970: INFO: common: yaml file: params.yaml loaded successfully]
[2023-07-13 19:56:42,972: INFO: common: created directory at: artifacts]
[2023-07-13 19:56:42,973: INFO: common: created directory at: artifacts\prepare_callbacks\checkpoint_dir]
[2023-07-13 19:56:42,975: INFO: common: created directory at: artifacts\prepare_callbacks\tensorboard_log_dir]
[2023-07-13 19:58:16,266: INFO: common: yaml file: config\config.yaml loaded successfully]
[2023-07-13 19:58:16,269: INFO: common: yaml file: params.yaml loaded successfully]
[2023-07-13 19:58:16,270: INFO: common: created directory at: artifacts]
[2023-07-13 19:58:16,271: INFO: common: created directory at: artifacts\prepare_callbacks\checkpoint_dir]
[2023-07-13 19:58:16,272: INFO: common: created directory at: artifacts\prepare_callbacks\tensorboard_log_dir]
[2023-07-13 19:59:57,194: INFO: common: yaml file: config\config.yaml loaded successfully]
[2023-07-13 19:59:57,196: INFO: common: yaml file: params.yaml loaded successfully]
[2023-07-13 19:59:57,198: INFO: common: created directory at: artifacts]
[2023-07-13 19:59:57,199: INFO: common: created directory at: artifacts\prepare_callbacks\checkpoint_dir]
[2023-07-13 19:59:57,200: INFO: common: created directory at: artifacts\prepare_callbacks\tensorboard_log_dir]
[2023-07-13 20:01:40,475: INFO: common: yaml file: config\config.yaml loaded successfully]
[2023-07-13 20:01:40,478: INFO: common: yaml file: params.yaml loaded successfully]
[2023-07-13 20:01:40,479: INFO: common: created directory at: artifacts]
[2023-07-13 20:01:40,480: INFO: common: created directory at: artifacts\prepare_callbacks\checkpoint_dir]
[2023-07-13 20:01:40,481: INFO: common: created directory at: artifacts\prepare_callbacks\tensorboard_log_dir]
[2023-07-13 20:05:22,048: INFO: common: yaml file: config\config.yaml loaded successfully]
[2023-07-13 20:05:22,051: INFO: common: yaml file: params.yaml loaded successfully]
[2023-07-13 20:05:22,052: INFO: common: created directory at: artifacts]
[2023-07-13 20:05:22,054: INFO: common: created directory at: artifacts\prepare_callbacks\checkpoint_dir]
[2023-07-13 20:05:22,055: INFO: common: created directory at: artifacts\prepare_callbacks\tensorboard_log_dir]
[2023-07-13 20:05:32,903: INFO: common: yaml file: config\config.yaml loaded successfully]
[2023-07-13 20:05:32,905: INFO: common: yaml file: params.yaml loaded successfully]
[2023-07-13 20:05:32,907: INFO: common: created directory at: artifacts]
[2023-07-13 20:05:32,908: INFO: common: created directory at: artifacts\prepare_callbacks\checkpoint_dir]
[2023-07-13 20:05:32,909: INFO: common: created directory at: artifacts\prepare_callbacks\tensorboard_log_dir]
[2023-07-13 22:47:27,409: INFO: common: yaml file: config\config.yaml loaded successfully]
[2023-07-13 22:47:27,412: INFO: common: yaml file: params.yaml loaded successfully]
[2023-07-13 22:47:27,414: INFO: common: created directory at: artifacts]
[2023-07-13 22:47:27,416: INFO: common: created directory at: artifacts\prepare_callbacks\checkpoint_dir]
[2023-07-13 22:47:27,417: INFO: common: created directory at: artifacts\prepare_callbacks\tensorboard_log_dir]
[2023-07-13 23:13:08,403: INFO: common: yaml file: config\config.yaml loaded successfully]
[2023-07-13 23:13:08,406: INFO: common: yaml file: params.yaml loaded successfully]
[2023-07-13 23:13:08,408: INFO: common: created directory at: artifacts]
[2023-07-13 23:13:08,409: INFO: common: created directory at: artifacts\prepare_callbacks\checkpoint_dir]
[2023-07-13 23:13:08,411: INFO: common: created directory at: artifacts\prepare_callbacks\tensorboard_log_dir]
